#
# A fatal error has been detected by the Java Runtime Environment:
#
#  SIGSEGV (0xb) at pc=0x0000000101a5920b, pid=522, tid=0x0000000000003e03
#
# JRE version: OpenJDK Runtime Environment (8.0_152-b01) (build 1.8.0_152-release-1024-b01)
# Java VM: OpenJDK 64-Bit Server VM (25.152-b01 mixed mode bsd-amd64 compressed oops)
# Problematic frame:
# V  [libjvm.dylib+0x25920b]  Node_Backward_Iterator::next()+0xbb
#
# Failed to write core dump. Core dumps have been disabled. To enable core dumping, try "ulimit -c unlimited" before starting Java again
#
# If you would like to submit a bug report, please visit:
#   http://bugreport.java.com/bugreport/crash.jsp
#

---------------  T H R E A D  ---------------

Current thread (0x00007ffc30809000):  JavaThread "C2 CompilerThread2" daemon [_thread_in_native, id=15875, stack(0x0000700002768000,0x0000700002868000)]

siginfo: si_signo: 11 (SIGSEGV), si_code: 0 (unknown), si_addr: 0x0000000000000000

Registers:
RAX=0x80007ffc35892260, RBX=0x00007ffc2f24f798, RCX=0x00007ffc2f24f798, RDX=0x0000000000000247
RSP=0x0000700002864ad0, RBP=0x0000700002864b00, RSI=0x00007ffc31de4250, RDI=0x0000000000000012
R8 =0x0000000000000000, R9 =0x0000000f00000000, R10=0x0000000800000000, R11=0x0000000000001700
R12=0x00007ffc30dc0af0, R13=0x00007ffc30dc0b68, R14=0x00000000000000db, R15=0x0000700002864b10
RIP=0x0000000101a5920b, EFLAGS=0x0000000000010287, ERR=0x0000000000000000
  TRAPNO=0x000000000000000d

Top of Stack: (sp=0x0000700002864ad0)
0x0000700002864ad0:   00007ffc2f24f168 00007ffc2f24f0e0
0x0000700002864ae0:   00007ffc35891ed0 0000000000000003
0x0000700002864af0:   0000700002864b10 00007000028663e8
0x0000700002864b00:   0000700002864b90 0000000101a59d0e
0x0000700002864b10:   0000700002864bd0 0000700002864c18
0x0000700002864b20:   00007000028663e8 00007ffc2f24f780
0x0000700002864b30:   00007ffc35c5c410 00007ffc35892260
0x0000700002864b40:   0000700002866440 00007ffc35c5c401
0x0000700002864b50:   00007000028663e8 00007ffc2f24f0e0
0x0000700002864b60:   00007ffc2f24f0e0 00007ffc31de4010
0x0000700002864b70:   0000000101fe1a48 0000000000000648
0x0000700002864b80:   00007000028663e8 00007ffc31de4010
0x0000700002864b90:   0000700002864c60 0000000101a59f6f
0x0000700002864ba0:   0000000000000000 00007ffc30108fa0
0x0000700002864bb0:   00007ffc35bf6400 00007ffc35bf8ea0
0x0000700002864bc0:   00007ffc35bfe3e8 0000000000080e58
0x0000700002864bd0:   0000000101fbe498 00007ffc30108fa0
0x0000700002864be0:   0000700000000080 00007ffc31de4250
0x0000700002864bf0:   0000000000000089 0000000000000002
0x0000700002864c00:   0000700002864c60 0000000101a5a3a6
0x0000700002864c10:   00007ffc321a27e8 00007ffc30108fa0
0x0000700002864c20:   00007ffc00000800 00007ffc32360010
0x0000700002864c30:   00007ffc0000005a 00007000028663e8
0x0000700002864c40:   00007ffc31b0d050 0000700002867168
0x0000700002864c50:   00007000028663e8 0000700002865920
0x0000700002864c60:   0000700002864c80 0000000101a5a1e2
0x0000700002864c70:   00007ffc30108fa0 0000700002867078
0x0000700002864c80:   0000700002866490 0000000101996931
0x0000700002864c90:   0000000000000000 0000000101fb7da0
0x0000700002864ca0:   0000000000000006 0000700002867078
0x0000700002864cb0:   00007ffc30108fa0 00007ffc30108fa0
0x0000700002864cc0:   0000000000001000 00007ffc34380a10 

Instructions: (pc=0x0000000101a5920b)
0x0000000101a591eb:   4c 39 d0 48 89 d9 75 0a 48 8b 43 08 48 8b 08 8b
0x0000000101a591fb:   51 28 49 8b 47 10 89 d2 48 8b 40 68 48 8b 04 d0
0x0000000101a5920b:   44 39 70 68 72 31 75 0c 0f b7 41 2c 83 e0 0f 83
0x0000000101a5921b:   f8 0c 74 23 48 89 df e8 df 7b 1c 00 49 ba 00 00 

Register to memory mapping:

RAX=0x80007ffc35892260 is an unknown value
RBX=0x00007ffc2f24f798 is an unknown value
RCX=0x00007ffc2f24f798 is an unknown value
RDX=0x0000000000000247 is an unknown value
RSP=0x0000700002864ad0 is pointing into the stack for thread: 0x00007ffc30809000
RBP=0x0000700002864b00 is pointing into the stack for thread: 0x00007ffc30809000
RSI=0x00007ffc31de4250 is an unknown value
RDI=0x0000000000000012 is an unknown value
R8 =0x0000000000000000 is an unknown value
R9 =0x0000000f00000000 is an unknown value
R10=0x0000000800000000 is an unknown value
R11=0x0000000000001700 is an unknown value
R12=0x00007ffc30dc0af0 is an unknown value
R13=0x00007ffc30dc0b68 is an unknown value
R14=0x00000000000000db is an unknown value
R15=0x0000700002864b10 is pointing into the stack for thread: 0x00007ffc30809000


Stack: [0x0000700002768000,0x0000700002868000],  sp=0x0000700002864ad0,  free space=1010k
Native frames: (J=compiled Java code, j=interpreted, Vv=VM code, C=native code)
V  [libjvm.dylib+0x25920b]  Node_Backward_Iterator::next()+0xbb
V  [libjvm.dylib+0x259d0e]  PhaseCFG::schedule_late(VectorSet&, Node_List&)+0x346
V  [libjvm.dylib+0x259f6f]  PhaseCFG::global_code_motion()+0x1eb
V  [libjvm.dylib+0x25a1e2]  PhaseCFG::do_global_code_motion()+0x3a
V  [libjvm.dylib+0x196931]  Compile::Code_Gen()+0xdf
V  [libjvm.dylib+0x195388]  Compile::Compile(ciEnv*, C2Compiler*, ciMethod*, int, bool, bool, bool)+0x9fa
V  [libjvm.dylib+0x13b9da]  C2Compiler::compile_method(ciEnv*, ciMethod*, int)+0xa4
V  [libjvm.dylib+0x1a067a]  CompileBroker::invoke_compiler_on_method(CompileTask*)+0x564
V  [libjvm.dylib+0x19fc78]  CompileBroker::compiler_thread_loop()+0x270
V  [libjvm.dylib+0x505e88]  JavaThread::thread_main_inner()+0x82
V  [libjvm.dylib+0x505d4d]  JavaThread::run()+0x199
V  [libjvm.dylib+0x435709]  java_start(Thread*)+0xfa
C  [libsystem_pthread.dylib+0x36c1]  _pthread_body+0x154
C  [libsystem_pthread.dylib+0x356d]  _pthread_body+0x0
C  [libsystem_pthread.dylib+0x2c5d]  thread_start+0xd
C  0x0000000000000000


Current CompileTask:
C2:   8330 6670 %     4       java.util.Properties::saveConvert @ 35 (434 bytes)


---------------  P R O C E S S  ---------------

Java Threads: ( => current thread )
  0x00007ffc2fc22000 JavaThread "pool-2-thread-1" [_thread_blocked, id=49923, stack(0x000070000636e000,0x000070000646e000)]
  0x00007ffc35a03800 JavaThread "stdout" daemon [_thread_in_native, id=83971, stack(0x000070000626b000,0x000070000636b000)]
  0x00007ffc35a03000 JavaThread "stderr" daemon [_thread_in_native, id=49667, stack(0x0000700006168000,0x0000700006268000)]
  0x00007ffc33f0b800 JavaThread "stdout" daemon [_thread_in_native, id=49411, stack(0x0000700006065000,0x0000700006165000)]
  0x00007ffc3206e000 JavaThread "stdout" daemon [_thread_in_native, id=84739, stack(0x0000700005f62000,0x0000700006062000)]
  0x00007ffc35a02000 JavaThread "stdout" daemon [_thread_in_native, id=48899, stack(0x0000700005e5f000,0x0000700005f5f000)]
  0x00007ffc3206d800 JavaThread "stdout" daemon [_thread_in_native, id=85251, stack(0x0000700005d5c000,0x0000700005e5c000)]
  0x00007ffc2f5aa000 JavaThread "stdout" daemon [_thread_in_native, id=48131, stack(0x0000700005c59000,0x0000700005d59000)]
  0x00007ffc2feb2800 JavaThread "stdout" daemon [_thread_in_native, id=47619, stack(0x0000700005b56000,0x0000700005c56000)]
  0x00007ffc2feb1800 JavaThread "stderr" daemon [_thread_in_native, id=47107, stack(0x0000700005a53000,0x0000700005b53000)]
  0x00007ffc3206c800 JavaThread "stderr" daemon [_thread_in_native, id=46851, stack(0x0000700005950000,0x0000700005a50000)]
  0x00007ffc3206c000 JavaThread "stderr" daemon [_thread_in_native, id=46339, stack(0x000070000584d000,0x000070000594d000)]
  0x00007ffc32b73800 JavaThread "stderr" daemon [_thread_in_native, id=85763, stack(0x000070000574a000,0x000070000584a000)]
  0x00007ffc35c66800 JavaThread "stderr" daemon [_thread_in_native, id=86019, stack(0x0000700005647000,0x0000700005747000)]
  0x00007ffc324ca800 JavaThread "stderr" daemon [_thread_in_native, id=45315, stack(0x0000700005544000,0x0000700005644000)]
  0x00007ffc364f5800 JavaThread "stdout" daemon [_thread_in_native, id=45059, stack(0x0000700005441000,0x0000700005541000)]
  0x00007ffc31cd2800 JavaThread "stderr" daemon [_thread_in_native, id=44803, stack(0x000070000533e000,0x000070000543e000)]
  0x00007ffc364f5000 JavaThread "process reaper" daemon [_thread_in_native, id=44547, stack(0x0000700005313000,0x000070000533b000)]
  0x00007ffc308a1800 JavaThread "process reaper" daemon [_thread_in_native, id=44291, stack(0x00007000052e8000,0x0000700005310000)]
  0x00007ffc308a0800 JavaThread "process reaper" daemon [_thread_in_native, id=43779, stack(0x00007000052bd000,0x00007000052e5000)]
  0x00007ffc33941000 JavaThread "process reaper" daemon [_thread_in_native, id=33539, stack(0x0000700005292000,0x00007000052ba000)]
  0x00007ffc31cd2000 JavaThread "process reaper" daemon [_thread_in_native, id=33283, stack(0x0000700005267000,0x000070000528f000)]
  0x00007ffc32b72800 JavaThread "process reaper" daemon [_thread_in_native, id=34307, stack(0x000070000523c000,0x0000700005264000)]
  0x00007ffc34998000 JavaThread "process reaper" daemon [_thread_in_native, id=34819, stack(0x0000700005211000,0x0000700005239000)]
  0x00007ffc324ca000 JavaThread "process reaper" daemon [_thread_in_native, id=32771, stack(0x00007000051e6000,0x000070000520e000)]
  0x00007ffc2f5a9000 JavaThread "queued-resource-processor_8" daemon [_thread_blocked, id=35331, stack(0x00007000050e3000,0x00007000051e3000)]
  0x00007ffc320f3800 JavaThread "queued-resource-processor_7" daemon [_thread_blocked, id=35587, stack(0x0000700004fe0000,0x00007000050e0000)]
  0x00007ffc320f3000 JavaThread "queued-resource-processor_6" daemon [_thread_blocked, id=32259, stack(0x0000700004edd000,0x0000700004fdd000)]
  0x00007ffc32ba1800 JavaThread "queued-resource-processor_5" daemon [_thread_blocked, id=36099, stack(0x0000700004dda000,0x0000700004eda000)]
  0x00007ffc32ba1000 JavaThread "queued-resource-processor_4" daemon [_thread_blocked, id=36611, stack(0x0000700004cd7000,0x0000700004dd7000)]
  0x00007ffc32a69000 JavaThread "queued-resource-processor_3" daemon [_thread_blocked, id=31747, stack(0x0000700004bd4000,0x0000700004cd4000)]
  0x00007ffc31607000 JavaThread "queued-resource-processor_2" daemon [_thread_blocked, id=31235, stack(0x0000700004ad1000,0x0000700004bd1000)]
  0x00007ffc341b7800 JavaThread "queued-resource-processor_1" daemon [_thread_blocked, id=30979, stack(0x00007000049ce000,0x0000700004ace000)]
  0x00007ffc2f596800 JavaThread "Task worker for ':' Thread 7" [_thread_blocked, id=30467, stack(0x00007000048cb000,0x00007000049cb000)]
  0x00007ffc328ab800 JavaThread "Task worker for ':' Thread 6" [_thread_blocked, id=37379, stack(0x00007000047c8000,0x00007000048c8000)]
  0x00007ffc32140800 JavaThread "Task worker for ':' Thread 5" [_thread_blocked, id=29699, stack(0x00007000046c5000,0x00007000047c5000)]
  0x00007ffc314af800 JavaThread "Task worker for ':' Thread 4" [_thread_blocked, id=29443, stack(0x00007000045c2000,0x00007000046c2000)]
  0x00007ffc2fe5e000 JavaThread "Task worker for ':' Thread 3" [_thread_blocked, id=37891, stack(0x00007000044bf000,0x00007000045bf000)]
  0x00007ffc2f842000 JavaThread "Task worker for ':' Thread 2" [_thread_in_Java, id=38403, stack(0x00007000043bc000,0x00007000044bc000)]
  0x00007ffc3154b800 JavaThread "Task worker for ':'" [_thread_blocked, id=38915, stack(0x00007000042b9000,0x00007000043b9000)]
  0x00007ffc2fdcc800 JavaThread "Cache worker for Build Output Cleanup Cache (/Users/annascott/AndroidStudioProjects/TeacherBurnoutTest/.gradle/buildOutputCleanup)" [_thread_blocked, id=28931, stack(0x00007000041b6000,0x00007000042b6000)]
  0x00007ffc3138a800 JavaThread "Cache worker for task history cache (/Users/annascott/AndroidStudioProjects/TeacherBurnoutTest/.gradle/4.4/taskHistory)" [_thread_blocked, id=3847, stack(0x00007000040b3000,0x00007000041b3000)]
  0x00007ffc2f9f2000 JavaThread "Cache worker for file content cache (/Users/annascott/AndroidStudioProjects/TeacherBurnoutTest/.gradle/4.4/fileContent)" [_thread_blocked, id=4103, stack(0x00007000016b2000,0x00007000017b2000)]
  0x00007ffc351f0800 JavaThread "Memory manager" [_thread_blocked, id=28419, stack(0x0000700003fb0000,0x00007000040b0000)]
  0x00007ffc31509800 JavaThread "build operations Thread 8" [_thread_blocked, id=39939, stack(0x0000700003ead000,0x0000700003fad000)]
  0x00007ffc2f598000 JavaThread "build operations Thread 7" [_thread_blocked, id=40195, stack(0x0000700003daa000,0x0000700003eaa000)]
  0x00007ffc31508800 JavaThread "build operations Thread 6" [_thread_blocked, id=40707, stack(0x0000700003ca7000,0x0000700003da7000)]
  0x00007ffc31b91800 JavaThread "build operations Thread 5" [_thread_blocked, id=27651, stack(0x0000700003ba4000,0x0000700003ca4000)]
  0x00007ffc3171d000 JavaThread "build operations Thread 4" [_thread_blocked, id=27139, stack(0x0000700003aa1000,0x0000700003ba1000)]
  0x00007ffc3399b000 JavaThread "build operations Thread 3" [_thread_blocked, id=26883, stack(0x000070000399e000,0x0000700003a9e000)]
  0x00007ffc334a1800 JavaThread "build operations Thread 2" [_thread_blocked, id=41219, stack(0x000070000389b000,0x000070000399b000)]
  0x00007ffc3171c000 JavaThread "build operations" [_thread_blocked, id=26115, stack(0x0000700003798000,0x0000700003898000)]
  0x00007ffc343a8000 JavaThread "Cache worker for Artifact transforms cache (/Users/annascott/.gradle/caches/transforms-1)" [_thread_blocked, id=41475, stack(0x0000700003695000,0x0000700003795000)]
  0x00007ffc320c8000 JavaThread "Cache worker for file hash cache (/Users/annascott/AndroidStudioProjects/TeacherBurnoutTest/.gradle/4.4/fileHashes)" [_thread_blocked, id=25603, stack(0x0000700003592000,0x0000700003692000)]
  0x00007ffc2eab9000 JavaThread "File lock request listener" [_thread_in_native, id=25347, stack(0x000070000348f000,0x000070000358f000)]
  0x00007ffc31852000 JavaThread "Cache worker for file hash cache (/Users/annascott/.gradle/caches/4.4/fileHashes)" [_thread_blocked, id=24835, stack(0x000070000338c000,0x000070000348c000)]
  0x00007ffc30cbd000 JavaThread "Stdin handler" [_thread_blocked, id=24323, stack(0x0000700003289000,0x0000700003389000)]
  0x00007ffc2fbd1800 JavaThread "Asynchronous log dispatcher for DefaultDaemonConnection: socket connection from /127.0.0.1:49376 to /127.0.0.1:49377" [_thread_blocked, id=23811, stack(0x0000700003186000,0x0000700003286000)]
  0x00007ffc2eab8000 JavaThread "Daemon worker" [_thread_blocked, id=23555, stack(0x0000700003083000,0x0000700003183000)]
  0x00007ffc32808800 JavaThread "Cancel handler" [_thread_blocked, id=23299, stack(0x0000700002f80000,0x0000700003080000)]
  0x00007ffc30cb6000 JavaThread "Handler for socket connection from /127.0.0.1:49376 to /127.0.0.1:49377" [_thread_in_native, id=23043, stack(0x0000700002e7d000,0x0000700002f7d000)]
  0x00007ffc30cb5800 JavaThread "Daemon" [_thread_blocked, id=22787, stack(0x0000700002d7a000,0x0000700002e7a000)]
  0x00007ffc314ab800 JavaThread "Daemon periodic checks" [_thread_blocked, id=22275, stack(0x0000700002c77000,0x0000700002d77000)]
  0x00007ffc2fbd5800 JavaThread "Incoming local TCP Connector on port 49376" [_thread_in_native, id=22019, stack(0x0000700002b74000,0x0000700002c74000)]
  0x00007ffc30834800 JavaThread "Service Thread" daemon [_thread_blocked, id=17411, stack(0x000070000296e000,0x0000700002a6e000)]
  0x00007ffc2e815000 JavaThread "C1 CompilerThread3" daemon [_thread_blocked, id=16387, stack(0x000070000286b000,0x000070000296b000)]
=>0x00007ffc30809000 JavaThread "C2 CompilerThread2" daemon [_thread_in_native, id=15875, stack(0x0000700002768000,0x0000700002868000)]
  0x00007ffc30808000 JavaThread "C2 CompilerThread1" daemon [_thread_in_native, id=15619, stack(0x0000700002665000,0x0000700002765000)]
  0x00007ffc3101f000 JavaThread "C2 CompilerThread0" daemon [_thread_in_vm, id=15363, stack(0x0000700002562000,0x0000700002662000)]
  0x00007ffc3101d800 JavaThread "Signal Dispatcher" daemon [_thread_blocked, id=15111, stack(0x000070000245f000,0x000070000255f000)]
  0x00007ffc3101c800 JavaThread "Finalizer" daemon [_thread_blocked, id=12547, stack(0x000070000235c000,0x000070000245c000)]
  0x00007ffc2e800000 JavaThread "Reference Handler" daemon [_thread_blocked, id=12291, stack(0x0000700002259000,0x0000700002359000)]
  0x00007ffc30801800 JavaThread "main" [_thread_blocked, id=5891, stack(0x000070000183b000,0x000070000193b000)]

Other Threads:
  0x00007ffc30806800 VMThread [stack: 0x0000700002156000,0x0000700002256000] [id=12035]
  0x00007ffc30835000 WatcherThread [stack: 0x0000700002a71000,0x0000700002b71000] [id=16899]

VM state:not at safepoint (normal execution)

VM Mutex/Monitor currently owned by a thread: None

Heap:
 PSYoungGen      total 145920K, used 73330K [0x00000007a0000000, 0x00000007ad500000, 0x00000007c0000000)
  eden space 130560K, 44% used [0x00000007a0000000,0x00000007a389d5e8,0x00000007a7f80000)
  from space 15360K, 99% used [0x00000007a7f80000,0x00000007a8e7f520,0x00000007a8e80000)
  to   space 20480K, 0% used [0x00000007ac100000,0x00000007ac100000,0x00000007ad500000)
 ParOldGen       total 188416K, used 25677K [0x0000000760000000, 0x000000076b800000, 0x00000007a0000000)
  object space 188416K, 13% used [0x0000000760000000,0x0000000761913590,0x000000076b800000)
 Metaspace       used 54788K, capacity 56468K, committed 56576K, reserved 1097728K
  class space    used 7485K, capacity 7911K, committed 7936K, reserved 1048576K

Card table byte_map: [0x0000000102628000,0x0000000102929000] byte_map_base: 0x00000000feb28000

Marking Bits: (ParMarkBitMap*) 0x0000000101ff81c8
 Begin Bits: [0x0000000102b29000, 0x0000000104329000)
 End Bits:   [0x0000000104329000, 0x0000000105b29000)

Polling page: 0x00000001006b4000

CodeCache: size=245760Kb used=18514Kb max_used=18526Kb free=227245Kb
 bounds [0x000000010ede6000, 0x0000000110016000, 0x000000011dde6000]
 total_blobs=6660 nmethods=5896 adapters=677
 compilation: enabled

Compilation events (10 events):
Event: 8.310 Thread 0x00007ffc2e815000 nmethod 6700 0x000000010ffe6f10 code [0x000000010ffe7080, 0x000000010ffe7208]
Event: 8.310 Thread 0x00007ffc2e815000 6701       3       com.sun.org.apache.xerces.internal.dom.DeferredDocumentImpl::getLastChild (49 bytes)
Event: 8.310 Thread 0x00007ffc2e815000 nmethod 6701 0x000000010fff0390 code [0x000000010fff0520, 0x000000010fff0868]
Event: 8.310 Thread 0x00007ffc2e815000 6702       3       com.sun.org.apache.xerces.internal.dom.DeferredDocumentImpl::getNodeValueString (417 bytes)
Event: 8.313 Thread 0x00007ffc30808000 nmethod 6673 0x000000010ffe8210 code [0x000000010ffe83a0, 0x000000010ffe86c8]
Event: 8.313 Thread 0x00007ffc30808000 6705       4       com.sun.org.apache.xerces.internal.dom.ChildNode::parentNode (16 bytes)
Event: 8.314 Thread 0x00007ffc30808000 nmethod 6705 0x000000010fdea510 code [0x000000010fdea660, 0x000000010fdea6d8]
Event: 8.314 Thread 0x00007ffc30808000 6692       4       com.sun.org.apache.xerces.internal.dom.NamedNodeMapImpl::item (41 bytes)
Event: 8.314 Thread 0x00007ffc3101f000 nmethod 6680 0x000000010ffefc10 code [0x000000010ffefd80, 0x000000010fff01b8]
Event: 8.314 Thread 0x00007ffc3101f000 6686       4       java.util.ArrayList::add (54 bytes)

GC Heap History (10 events):
Event: 3.001 GC heap before
{Heap before GC invocations=5 (full 1):
 PSYoungGen      total 76288K, used 65536K [0x00000007a0000000, 0x00000007a9500000, 0x00000007c0000000)
  eden space 65536K, 100% used [0x00000007a0000000,0x00000007a4000000,0x00000007a4000000)
  from space 10752K, 0% used [0x00000007a4000000,0x00000007a4000000,0x00000007a4a80000)
  to   space 10752K, 0% used [0x00000007a8a80000,0x00000007a8a80000,0x00000007a9500000)
 ParOldGen       total 112640K, used 8687K [0x0000000760000000, 0x0000000766e00000, 0x00000007a0000000)
  object space 112640K, 7% used [0x0000000760000000,0x000000076087bc80,0x0000000766e00000)
 Metaspace       used 26224K, capacity 26766K, committed 27136K, reserved 1073152K
  class space    used 3632K, capacity 3796K, committed 3840K, reserved 1048576K
Event: 3.012 GC heap after
Heap after GC invocations=5 (full 1):
 PSYoungGen      total 101376K, used 6900K [0x00000007a0000000, 0x00000007a9180000, 0x00000007c0000000)
  eden space 94208K, 0% used [0x00000007a0000000,0x00000007a0000000,0x00000007a5c00000)
  from space 7168K, 96% used [0x00000007a8a80000,0x00000007a913d1e0,0x00000007a9180000)
  to   space 10752K, 0% used [0x00000007a7c80000,0x00000007a7c80000,0x00000007a8700000)
 ParOldGen       total 112640K, used 8687K [0x0000000760000000, 0x0000000766e00000, 0x00000007a0000000)
  object space 112640K, 7% used [0x0000000760000000,0x000000076087bc80,0x0000000766e00000)
 Metaspace       used 26224K, capacity 26766K, committed 27136K, reserved 1073152K
  class space    used 3632K, capacity 3796K, committed 3840K, reserved 1048576K
}
Event: 4.451 GC heap before
{Heap before GC invocations=6 (full 1):
 PSYoungGen      total 101376K, used 96778K [0x00000007a0000000, 0x00000007a9180000, 0x00000007c0000000)
  eden space 94208K, 95% used [0x00000007a0000000,0x00000007a57c58a8,0x00000007a5c00000)
  from space 7168K, 96% used [0x00000007a8a80000,0x00000007a913d1e0,0x00000007a9180000)
  to   space 10752K, 0% used [0x00000007a7c80000,0x00000007a7c80000,0x00000007a8700000)
 ParOldGen       total 112640K, used 8687K [0x0000000760000000, 0x0000000766e00000, 0x00000007a0000000)
  object space 112640K, 7% used [0x0000000760000000,0x000000076087bc80,0x0000000766e00000)
 Metaspace       used 34544K, capacity 35152K, committed 35416K, reserved 1079296K
  class space    used 4760K, capacity 4998K, committed 5120K, reserved 1048576K
Event: 4.461 GC heap after
Heap after GC invocations=6 (full 1):
 PSYoungGen      total 138240K, used 10743K [0x00000007a0000000, 0x00000007a9b80000, 0x00000007c0000000)
  eden space 127488K, 0% used [0x00000007a0000000,0x00000007a0000000,0x00000007a7c80000)
  from space 10752K, 99% used [0x00000007a7c80000,0x00000007a86fdfc0,0x00000007a8700000)
  to   space 13312K, 0% used [0x00000007a8e80000,0x00000007a8e80000,0x00000007a9b80000)
 ParOldGen       total 112640K, used 10531K [0x0000000760000000, 0x0000000766e00000, 0x00000007a0000000)
  object space 112640K, 9% used [0x0000000760000000,0x0000000760a48f78,0x0000000766e00000)
 Metaspace       used 34544K, capacity 35152K, committed 35416K, reserved 1079296K
  class space    used 4760K, capacity 4998K, committed 5120K, reserved 1048576K
}
Event: 4.461 GC heap before
{Heap before GC invocations=7 (full 2):
 PSYoungGen      total 138240K, used 10743K [0x00000007a0000000, 0x00000007a9b80000, 0x00000007c0000000)
  eden space 127488K, 0% used [0x00000007a0000000,0x00000007a0000000,0x00000007a7c80000)
  from space 10752K, 99% used [0x00000007a7c80000,0x00000007a86fdfc0,0x00000007a8700000)
  to   space 13312K, 0% used [0x00000007a8e80000,0x00000007a8e80000,0x00000007a9b80000)
 ParOldGen       total 112640K, used 10531K [0x0000000760000000, 0x0000000766e00000, 0x00000007a0000000)
  object space 112640K, 9% used [0x0000000760000000,0x0000000760a48f78,0x0000000766e00000)
 Metaspace       used 34544K, capacity 35152K, committed 35416K, reserved 1079296K
  class space    used 4760K, capacity 4998K, committed 5120K, reserved 1048576K
Event: 4.508 GC heap after
Heap after GC invocations=7 (full 2):
 PSYoungGen      total 138240K, used 0K [0x00000007a0000000, 0x00000007a9b80000, 0x00000007c0000000)
  eden space 127488K, 0% used [0x00000007a0000000,0x00000007a0000000,0x00000007a7c80000)
  from space 10752K, 0% used [0x00000007a7c80000,0x00000007a7c80000,0x00000007a8700000)
  to   space 13312K, 0% used [0x00000007a8e80000,0x00000007a8e80000,0x00000007a9b80000)
 ParOldGen       total 188416K, used 19106K [0x0000000760000000, 0x000000076b800000, 0x00000007a0000000)
  object space 188416K, 10% used [0x0000000760000000,0x00000007612a8a40,0x000000076b800000)
 Metaspace       used 34544K, capacity 35152K, committed 35416K, reserved 1079296K
  class space    used 4760K, capacity 4998K, committed 5120K, reserved 1048576K
}
Event: 5.858 GC heap before
{Heap before GC invocations=8 (full 2):
 PSYoungGen      total 138240K, used 127488K [0x00000007a0000000, 0x00000007a9b80000, 0x00000007c0000000)
  eden space 127488K, 100% used [0x00000007a0000000,0x00000007a7c80000,0x00000007a7c80000)
  from space 10752K, 0% used [0x00000007a7c80000,0x00000007a7c80000,0x00000007a8700000)
  to   space 13312K, 0% used [0x00000007a8e80000,0x00000007a8e80000,0x00000007a9b80000)
 ParOldGen       total 188416K, used 19106K [0x0000000760000000, 0x000000076b800000, 0x00000007a0000000)
  object space 188416K, 10% used [0x0000000760000000,0x00000007612a8a40,0x000000076b800000)
 Metaspace       used 42448K, capacity 43356K, committed 43648K, reserved 1087488K
  class space    used 5866K, capacity 6169K, committed 6272K, reserved 1048576K
Event: 5.871 GC heap after
Heap after GC invocations=8 (full 2):
 PSYoungGen      total 143872K, used 13294K [0x00000007a0000000, 0x00000007ac880000, 0x00000007c0000000)
  eden space 130560K, 0% used [0x00000007a0000000,0x00000007a0000000,0x00000007a7f80000)
  from space 13312K, 99% used [0x00000007a8e80000,0x00000007a9b7b978,0x00000007a9b80000)
  to   space 15360K, 0% used [0x00000007a7f80000,0x00000007a7f80000,0x00000007a8e80000)
 ParOldGen       total 188416K, used 19505K [0x0000000760000000, 0x000000076b800000, 0x00000007a0000000)
  object space 188416K, 10% used [0x0000000760000000,0x000000076130c748,0x000000076b800000)
 Metaspace       used 42448K, capacity 43356K, committed 43648K, reserved 1087488K
  class space    used 5866K, capacity 6169K, committed 6272K, reserved 1048576K
}
Event: 7.730 GC heap before
{Heap before GC invocations=9 (full 2):
 PSYoungGen      total 143872K, used 143854K [0x00000007a0000000, 0x00000007ac880000, 0x00000007c0000000)
  eden space 130560K, 100% used [0x00000007a0000000,0x00000007a7f80000,0x00000007a7f80000)
  from space 13312K, 99% used [0x00000007a8e80000,0x00000007a9b7b978,0x00000007a9b80000)
  to   space 15360K, 0% used [0x00000007a7f80000,0x00000007a7f80000,0x00000007a8e80000)
 ParOldGen       total 188416K, used 19505K [0x0000000760000000, 0x000000076b800000, 0x00000007a0000000)
  object space 188416K, 10% used [0x0000000760000000,0x000000076130c748,0x000000076b800000)
 Metaspace       used 53200K, capacity 54776K, committed 54912K, reserved 1095680K
  class space    used 7310K, capacity 7727K, committed 7808K, reserved 1048576K
Event: 7.746 GC heap after
Heap after GC invocations=9 (full 2):
 PSYoungGen      total 145920K, used 15357K [0x00000007a0000000, 0x00000007ad500000, 0x00000007c0000000)
  eden space 130560K, 0% used [0x00000007a0000000,0x00000007a0000000,0x00000007a7f80000)
  from space 15360K, 99% used [0x00000007a7f80000,0x00000007a8e7f520,0x00000007a8e80000)
  to   space 20480K, 0% used [0x00000007ac100000,0x00000007ac100000,0x00000007ad500000)
 ParOldGen       total 188416K, used 25677K [0x0000000760000000, 0x000000076b800000, 0x00000007a0000000)
  object space 188416K, 13% used [0x0000000760000000,0x0000000761913590,0x000000076b800000)
 Metaspace       used 53200K, capacity 54776K, committed 54912K, reserved 1095680K
  class space    used 7310K, capacity 7727K, committed 7808K, reserved 1048576K
}

Deoptimization events (10 events):
Event: 7.874 Thread 0x00007ffc2f842000 Uncommon trap: reason=unstable_if action=reinterpret pc=0x000000010fc8c0d0 method=com.sun.org.apache.xerces.internal.impl.XMLEntityScanner.scanContent(Lcom/sun/org/apache/xerces/internal/xni/XMLString;)I @ 44
Event: 7.880 Thread 0x00007ffc2f842000 Uncommon trap: reason=unstable_if action=reinterpret pc=0x000000010fe9e8f0 method=com.sun.org.apache.xerces.internal.impl.XMLEntityScanner.scanLiteral(ILcom/sun/org/apache/xerces/internal/xni/XMLString;Z)I @ 44
Event: 8.002 Thread 0x00007ffc2f842000 Uncommon trap: reason=unstable_if action=reinterpret pc=0x000000010f770798 method=java.lang.String.regionMatches(ILjava/lang/String;II)Z @ 39
Event: 8.135 Thread 0x00007ffc2f842000 Uncommon trap: reason=unstable_if action=reinterpret pc=0x000000010fb4eae8 method=sun.nio.cs.UTF_8$Encoder.encodeArrayLoop(Ljava/nio/CharBuffer;Ljava/nio/ByteBuffer;)Ljava/nio/charset/CoderResult; @ 113
Event: 8.211 Thread 0x00007ffc2f5a9000 Uncommon trap: reason=unstable_if action=reinterpret pc=0x000000010fa08b2c method=java.util.concurrent.locks.ReentrantLock$Sync.nonfairTryAcquire(I)Z @ 19
Event: 8.211 Thread 0x00007ffc320f3800 Uncommon trap: reason=unstable_if action=reinterpret pc=0x000000010fa08b2c method=java.util.concurrent.locks.ReentrantLock$Sync.nonfairTryAcquire(I)Z @ 19
Event: 8.261 Thread 0x00007ffc2f842000 Uncommon trap: reason=unstable_if action=reinterpret pc=0x000000010f7adb30 method=java.lang.AbstractStringBuilder.append(I)Ljava/lang/AbstractStringBuilder; @ 16
Event: 8.313 Thread 0x00007ffc2f842000 Uncommon trap: reason=class_check action=maybe_recompile pc=0x000000010ffe8648 method=com.sun.org.apache.xerces.internal.dom.ElementImpl.getAttributes()Lorg/w3c/dom/NamedNodeMap; @ 8
Event: 8.313 Thread 0x00007ffc2f842000 Uncommon trap: reason=class_check action=maybe_recompile pc=0x000000010ffe8648 method=com.sun.org.apache.xerces.internal.dom.ElementImpl.getAttributes()Lorg/w3c/dom/NamedNodeMap; @ 8
Event: 8.314 Thread 0x00007ffc2f842000 Uncommon trap: reason=class_check action=maybe_recompile pc=0x000000010ffe8648 method=com.sun.org.apache.xerces.internal.dom.ElementImpl.getAttributes()Lorg/w3c/dom/NamedNodeMap; @ 8

Classes redefined (0 events):
No events

Internal exceptions (10 events):
Event: 7.082 Thread 0x00007ffc2eab8000 Exception <a 'java/lang/ClassNotFoundException': org/gradle/model/internal/core/NodeBackedModelMapCustomizer> (0x00000007a53f3e18) thrown at [/Volumes/android/AOSP-openjdk-git/jdk8u/hotspot/src/share/vm/classfile/systemDictionary.cpp, line 210]
Event: 7.084 Thread 0x00007ffc2eab8000 Exception <a 'java/lang/ClassNotFoundException': org/gradle/platform/base/BinaryContainer_ImplCustomizer> (0x00000007a5457458) thrown at [/Volumes/android/AOSP-openjdk-git/jdk8u/hotspot/src/share/vm/classfile/systemDictionary.cpp, line 210]
Event: 7.202 Thread 0x00007ffc2f842000 Exception <a 'java/lang/NoSuchMethodError': <clinit>> (0x00000007a5e15fb8) thrown at [/Volumes/android/AOSP-openjdk-git/jdk8u/hotspot/src/share/vm/prims/jni.cpp, line 1613]
Event: 7.203 Thread 0x00007ffc2f842000 Exception <a 'java/lang/NoSuchMethodError': <clinit>> (0x00000007a5e21238) thrown at [/Volumes/android/AOSP-openjdk-git/jdk8u/hotspot/src/share/vm/prims/jni.cpp, line 1613]
Event: 7.216 Thread 0x00007ffc2f842000 Exception <a 'java/lang/NoSuchMethodError': <clinit>> (0x00000007a60c25b8) thrown at [/Volumes/android/AOSP-openjdk-git/jdk8u/hotspot/src/share/vm/prims/jni.cpp, line 1613]
Event: 7.218 Thread 0x00007ffc2f842000 Exception <a 'java/lang/NoSuchMethodError': <clinit>> (0x00000007a60d53c0) thrown at [/Volumes/android/AOSP-openjdk-git/jdk8u/hotspot/src/share/vm/prims/jni.cpp, line 1613]
Event: 7.219 Thread 0x00007ffc2f842000 Exception <a 'java/lang/NoSuchMethodError': <clinit>> (0x00000007a60d6c70) thrown at [/Volumes/android/AOSP-openjdk-git/jdk8u/hotspot/src/share/vm/prims/jni.cpp, line 1613]
Event: 7.257 Thread 0x00007ffc2f842000 Implicit null exception at 0x000000010f305c3c to 0x000000010f3061a9
Event: 7.652 Thread 0x00007ffc2f842000 Exception <a 'java/lang/NoSuchMethodError': <clinit>> (0x00000007a7b64b10) thrown at [/Volumes/android/AOSP-openjdk-git/jdk8u/hotspot/src/share/vm/prims/jni.cpp, line 1613]
Event: 7.653 Thread 0x00007ffc2f842000 Exception <a 'java/lang/NoSuchMethodError': <clinit>> (0x00000007a7b6e998) thrown at [/Volumes/android/AOSP-openjdk-git/jdk8u/hotspot/src/share/vm/prims/jni.cpp, line 1613]

Events (10 events):
Event: 8.302 Thread 0x00007ffc2f842000 DEOPT UNPACKING pc=0x000000010ee2d4c4 sp=0x00007000044b9300 mode 0
Event: 8.313 Thread 0x00007ffc2f842000 Uncommon trap: trap_request=0xffffffde fr.pc=0x000000010ffe8648
Event: 8.313 Thread 0x00007ffc2f842000 DEOPT PACKING pc=0x000000010ffe8648 sp=0x00007000044b98b0
Event: 8.313 Thread 0x00007ffc2f842000 DEOPT UNPACKING pc=0x000000010ee2b47a sp=0x00007000044b98a8 mode 2
Event: 8.313 Thread 0x00007ffc2f842000 Uncommon trap: trap_request=0xffffffde fr.pc=0x000000010ffe8648
Event: 8.313 Thread 0x00007ffc2f842000 DEOPT PACKING pc=0x000000010ffe8648 sp=0x00007000044b98b0
Event: 8.313 Thread 0x00007ffc2f842000 DEOPT UNPACKING pc=0x000000010ee2b47a sp=0x00007000044b98a8 mode 2
Event: 8.314 Thread 0x00007ffc2f842000 Uncommon trap: trap_request=0xffffffde fr.pc=0x000000010ffe8648
Event: 8.314 Thread 0x00007ffc2f842000 DEOPT PACKING pc=0x000000010ffe8648 sp=0x00007000044b98b0
Event: 8.314 Thread 0x00007ffc2f842000 DEOPT UNPACKING pc=0x000000010ee2b47a sp=0x00007000044b98a8 mode 2


Dynamic libraries:
0x000000001f11b000 	/System/Library/Frameworks/Cocoa.framework/Versions/A/Cocoa
0x000000001f11b000 	/System/Library/Frameworks/Security.framework/Versions/A/Security
0x000000001f11b000 	/System/Library/Frameworks/ApplicationServices.framework/Versions/A/ApplicationServices
0x000000001f11b000 	/usr/lib/libz.1.dylib
0x000000001f11b000 	/usr/lib/libSystem.B.dylib
0x000000001f11b000 	/System/Library/Frameworks/CoreFoundation.framework/Versions/A/CoreFoundation
0x000000001f11b000 	/System/Library/Frameworks/Foundation.framework/Versions/C/Foundation
0x000000001f11b000 	/usr/lib/libobjc.A.dylib
0x000000001f11b000 	/System/Library/Frameworks/AppKit.framework/Versions/C/AppKit
0x000000001f11b000 	/System/Library/Frameworks/CoreData.framework/Versions/A/CoreData
0x000000001f11b000 	/System/Library/PrivateFrameworks/RemoteViewServices.framework/Versions/A/RemoteViewServices
0x000000001f11b000 	/System/Library/PrivateFrameworks/UIFoundation.framework/Versions/A/UIFoundation
0x000000001f11b000 	/System/Library/PrivateFrameworks/DFRFoundation.framework/Versions/A/DFRFoundation
0x000000001f11b000 	/System/Library/Frameworks/Metal.framework/Versions/A/Metal
0x000000001f11b000 	/System/Library/PrivateFrameworks/DesktopServicesPriv.framework/Versions/A/DesktopServicesPriv
0x000000001f11b000 	/usr/lib/libenergytrace.dylib
0x000000001f11b000 	/System/Library/PrivateFrameworks/SkyLight.framework/Versions/A/SkyLight
0x000000001f11b000 	/System/Library/Frameworks/CoreGraphics.framework/Versions/A/CoreGraphics
0x000000001f11b000 	/usr/lib/libScreenReader.dylib
0x000000001f11b000 	/System/Library/Frameworks/Accelerate.framework/Versions/A/Accelerate
0x000000001f11b000 	/System/Library/Frameworks/IOSurface.framework/Versions/A/IOSurface
0x000000001f11b000 	/System/Library/Frameworks/AudioToolbox.framework/Versions/A/AudioToolbox
0x000000001f11b000 	/System/Library/Frameworks/AudioUnit.framework/Versions/A/AudioUnit
0x000000001f11b000 	/System/Library/PrivateFrameworks/DataDetectorsCore.framework/Versions/A/DataDetectorsCore
0x000000001f11b000 	/System/Library/Frameworks/Carbon.framework/Versions/A/Frameworks/HIToolbox.framework/Versions/A/HIToolbox
0x000000001f11b000 	/usr/lib/libicucore.A.dylib
0x000000001f11b000 	/System/Library/Frameworks/QuartzCore.framework/Versions/A/QuartzCore
0x000000001f11b000 	/System/Library/Frameworks/Carbon.framework/Versions/A/Frameworks/SpeechRecognition.framework/Versions/A/SpeechRecognition
0x000000001f11b000 	/usr/lib/libauto.dylib
0x000000001f11b000 	/usr/lib/libxml2.2.dylib
0x000000001f11b000 	/System/Library/PrivateFrameworks/CoreUI.framework/Versions/A/CoreUI
0x000000001f11b000 	/System/Library/Frameworks/CoreAudio.framework/Versions/A/CoreAudio
0x000000001f11b000 	/System/Library/Frameworks/DiskArbitration.framework/Versions/A/DiskArbitration
0x000000001f11b000 	/usr/lib/liblangid.dylib
0x000000001f11b000 	/System/Library/PrivateFrameworks/MultitouchSupport.framework/Versions/A/MultitouchSupport
0x000000001f11b000 	/System/Library/Frameworks/IOKit.framework/Versions/A/IOKit
0x000000001f11b000 	/usr/lib/libDiagnosticMessagesClient.dylib
0x000000001f11b000 	/System/Library/Frameworks/CoreServices.framework/Versions/A/CoreServices
0x000000001f11b000 	/System/Library/PrivateFrameworks/PerformanceAnalysis.framework/Versions/A/PerformanceAnalysis
0x000000001f11b000 	/System/Library/Frameworks/OpenGL.framework/Versions/A/OpenGL
0x000000001f11b000 	/System/Library/Frameworks/ColorSync.framework/Versions/A/ColorSync
0x000000001f11b000 	/System/Library/Frameworks/CoreImage.framework/Versions/A/CoreImage
0x000000001f11b000 	/System/Library/Frameworks/CoreText.framework/Versions/A/CoreText
0x000000001f11b000 	/System/Library/Frameworks/ImageIO.framework/Versions/A/ImageIO
0x000000001f11b000 	/System/Library/PrivateFrameworks/Backup.framework/Versions/A/Backup
0x000000001f11b000 	/usr/lib/libarchive.2.dylib
0x000000001f11b000 	/System/Library/Frameworks/CFNetwork.framework/Versions/A/CFNetwork
0x000000001f11b000 	/System/Library/Frameworks/SystemConfiguration.framework/Versions/A/SystemConfiguration
0x000000001f11b000 	/usr/lib/libCRFSuite.dylib
0x000000001f11b000 	/usr/lib/libc++.1.dylib
0x000000001f11b000 	/usr/lib/libc++abi.dylib
0x000000001f11b000 	/usr/lib/system/libcache.dylib
0x000000001f11b000 	/usr/lib/system/libcommonCrypto.dylib
0x000000001f11b000 	/usr/lib/system/libcompiler_rt.dylib
0x000000001f11b000 	/usr/lib/system/libcopyfile.dylib
0x000000001f11b000 	/usr/lib/system/libcorecrypto.dylib
0x000000001f11b000 	/usr/lib/system/libdispatch.dylib
0x000000001f11b000 	/usr/lib/system/libdyld.dylib
0x000000001f11b000 	/usr/lib/system/libkeymgr.dylib
0x000000001f11b000 	/usr/lib/system/liblaunch.dylib
0x000000001f11b000 	/usr/lib/system/libmacho.dylib
0x000000001f11b000 	/usr/lib/system/libquarantine.dylib
0x000000001f11b000 	/usr/lib/system/libremovefile.dylib
0x000000001f11b000 	/usr/lib/system/libsystem_asl.dylib
0x000000001f11b000 	/usr/lib/system/libsystem_blocks.dylib
0x000000001f11b000 	/usr/lib/system/libsystem_c.dylib
0x000000001f11b000 	/usr/lib/system/libsystem_configuration.dylib
0x000000001f11b000 	/usr/lib/system/libsystem_coreservices.dylib
0x000000001f11b000 	/usr/lib/system/libsystem_darwin.dylib
0x000000001f11b000 	/usr/lib/system/libsystem_dnssd.dylib
0x000000001f11b000 	/usr/lib/system/libsystem_info.dylib
0x000000001f11b000 	/usr/lib/system/libsystem_m.dylib
0x000000001f11b000 	/usr/lib/system/libsystem_malloc.dylib
0x000000001f11b000 	/usr/lib/system/libsystem_network.dylib
0x000000001f11b000 	/usr/lib/system/libsystem_networkextension.dylib
0x000000001f11b000 	/usr/lib/system/libsystem_notify.dylib
0x000000001f11b000 	/usr/lib/system/libsystem_sandbox.dylib
0x000000001f11b000 	/usr/lib/system/libsystem_secinit.dylib
0x000000001f11b000 	/usr/lib/system/libsystem_kernel.dylib
0x000000001f11b000 	/usr/lib/system/libsystem_platform.dylib
0x000000001f11b000 	/usr/lib/system/libsystem_pthread.dylib
0x000000001f11b000 	/usr/lib/system/libsystem_symptoms.dylib
0x000000001f11b000 	/usr/lib/system/libsystem_trace.dylib
0x000000001f11b000 	/usr/lib/system/libunwind.dylib
0x000000001f11b000 	/usr/lib/system/libxpc.dylib
0x000000001f11b000 	/usr/lib/closure/libclosured.dylib
0x000000001f11b000 	/usr/lib/libbsm.0.dylib
0x000000001f11b000 	/usr/lib/system/libkxld.dylib
0x000000001f11b000 	/usr/lib/libOpenScriptingUtil.dylib
0x000000001f11b000 	/usr/lib/libcoretls.dylib
0x000000001f11b000 	/usr/lib/libcoretls_cfhelpers.dylib
0x000000001f11b000 	/usr/lib/libpam.2.dylib
0x000000001f11b000 	/usr/lib/libsqlite3.dylib
0x000000001f11b000 	/usr/lib/libxar.1.dylib
0x000000001f11b000 	/usr/lib/libbz2.1.0.dylib
0x000000001f11b000 	/usr/lib/liblzma.5.dylib
0x000000001f11b000 	/usr/lib/libnetwork.dylib
0x000000001f11b000 	/usr/lib/libapple_nghttp2.dylib
0x000000001f11b000 	/usr/lib/libpcap.A.dylib
0x000000001f11b000 	/usr/lib/libboringssl.dylib
0x000000001f11b000 	/usr/lib/libusrtcp.dylib
0x000000001f11b000 	/usr/lib/libapple_crypto.dylib
0x000000001f11b000 	/System/Library/Frameworks/CoreServices.framework/Versions/A/Frameworks/FSEvents.framework/Versions/A/FSEvents
0x000000001f11b000 	/System/Library/Frameworks/CoreServices.framework/Versions/A/Frameworks/CarbonCore.framework/Versions/A/CarbonCore
0x000000001f11b000 	/System/Library/Frameworks/CoreServices.framework/Versions/A/Frameworks/Metadata.framework/Versions/A/Metadata
0x000000001f11b000 	/System/Library/Frameworks/CoreServices.framework/Versions/A/Frameworks/OSServices.framework/Versions/A/OSServices
0x000000001f11b000 	/System/Library/Frameworks/CoreServices.framework/Versions/A/Frameworks/SearchKit.framework/Versions/A/SearchKit
0x000000001f11b000 	/System/Library/Frameworks/CoreServices.framework/Versions/A/Frameworks/AE.framework/Versions/A/AE
0x000000001f11b000 	/System/Library/Frameworks/CoreServices.framework/Versions/A/Frameworks/LaunchServices.framework/Versions/A/LaunchServices
0x000000001f11b000 	/System/Library/Frameworks/CoreServices.framework/Versions/A/Frameworks/DictionaryServices.framework/Versions/A/DictionaryServices
0x000000001f11b000 	/System/Library/Frameworks/CoreServices.framework/Versions/A/Frameworks/SharedFileList.framework/Versions/A/SharedFileList
0x000000001f11b000 	/System/Library/Frameworks/NetFS.framework/Versions/A/NetFS
0x000000001f11b000 	/System/Library/PrivateFrameworks/NetAuth.framework/Versions/A/NetAuth
0x000000001f11b000 	/System/Library/PrivateFrameworks/login.framework/Versions/A/Frameworks/loginsupport.framework/Versions/A/loginsupport
0x000000001f11b000 	/System/Library/PrivateFrameworks/TCC.framework/Versions/A/TCC
0x000000001f11b000 	/usr/lib/libmecabra.dylib
0x000000001f11b000 	/System/Library/Frameworks/ApplicationServices.framework/Versions/A/Frameworks/ATS.framework/Versions/A/ATS
0x000000001f11b000 	/System/Library/Frameworks/ApplicationServices.framework/Versions/A/Frameworks/ColorSyncLegacy.framework/Versions/A/ColorSyncLegacy
0x000000001f11b000 	/System/Library/Frameworks/ApplicationServices.framework/Versions/A/Frameworks/HIServices.framework/Versions/A/HIServices
0x000000001f11b000 	/System/Library/Frameworks/ApplicationServices.framework/Versions/A/Frameworks/LangAnalysis.framework/Versions/A/LangAnalysis
0x000000001f11b000 	/System/Library/Frameworks/ApplicationServices.framework/Versions/A/Frameworks/PrintCore.framework/Versions/A/PrintCore
0x000000001f11b000 	/System/Library/Frameworks/ApplicationServices.framework/Versions/A/Frameworks/QD.framework/Versions/A/QD
0x000000001f11b000 	/System/Library/Frameworks/ApplicationServices.framework/Versions/A/Frameworks/SpeechSynthesis.framework/Versions/A/SpeechSynthesis
0x000000001f11b000 	/System/Library/Frameworks/CoreDisplay.framework/Versions/A/CoreDisplay
0x000000001f11b000 	/System/Library/Frameworks/Accelerate.framework/Versions/A/Frameworks/vImage.framework/Versions/A/vImage
0x000000001f11b000 	/System/Library/Frameworks/Accelerate.framework/Versions/A/Frameworks/vecLib.framework/Versions/A/vecLib
0x000000001f11b000 	/System/Library/Frameworks/Accelerate.framework/Versions/A/Frameworks/vecLib.framework/Versions/A/libvDSP.dylib
0x000000001f11b000 	/System/Library/Frameworks/Accelerate.framework/Versions/A/Frameworks/vecLib.framework/Versions/A/libBNNS.dylib
0x000000001f11b000 	/System/Library/Frameworks/Accelerate.framework/Versions/A/Frameworks/vecLib.framework/Versions/A/libQuadrature.dylib
0x000000001f11b000 	/System/Library/Frameworks/Accelerate.framework/Versions/A/Frameworks/vecLib.framework/Versions/A/libvMisc.dylib
0x000000001f11b000 	/System/Library/Frameworks/Accelerate.framework/Versions/A/Frameworks/vecLib.framework/Versions/A/libLAPACK.dylib
0x000000001f11b000 	/System/Library/Frameworks/Accelerate.framework/Versions/A/Frameworks/vecLib.framework/Versions/A/libBLAS.dylib
0x000000001f11b000 	/System/Library/Frameworks/Accelerate.framework/Versions/A/Frameworks/vecLib.framework/Versions/A/libLinearAlgebra.dylib
0x000000001f11b000 	/System/Library/Frameworks/Accelerate.framework/Versions/A/Frameworks/vecLib.framework/Versions/A/libSparse.dylib
0x000000001f11b000 	/System/Library/Frameworks/Accelerate.framework/Versions/A/Frameworks/vecLib.framework/Versions/A/libSparseBLAS.dylib
0x000000001f11b000 	/System/Library/PrivateFrameworks/IOAccelerator.framework/Versions/A/IOAccelerator
0x000000001f11b000 	/System/Library/PrivateFrameworks/IOPresentment.framework/Versions/A/IOPresentment
0x000000001f11b000 	/System/Library/PrivateFrameworks/DSExternalDisplay.framework/Versions/A/DSExternalDisplay
0x000000001f11b000 	/System/Library/Frameworks/OpenGL.framework/Versions/A/Libraries/libCoreFSCache.dylib
0x000000001f11b000 	/System/Library/Frameworks/CoreVideo.framework/Versions/A/CoreVideo
0x000000001f11b000 	/System/Library/PrivateFrameworks/GraphVisualizer.framework/Versions/A/GraphVisualizer
0x000000001f11b000 	/System/Library/Frameworks/MetalPerformanceShaders.framework/Versions/A/MetalPerformanceShaders
0x000000001f11b000 	/usr/lib/libFosl_dynamic.dylib
0x000000001f11b000 	/System/Library/PrivateFrameworks/FaceCore.framework/Versions/A/FaceCore
0x000000001f11b000 	/System/Library/Frameworks/OpenCL.framework/Versions/A/OpenCL
0x000000001f11b000 	/usr/lib/libcompression.dylib
0x000000001f11b000 	/System/Library/Frameworks/ApplicationServices.framework/Versions/A/Frameworks/ATS.framework/Versions/A/Resources/libFontParser.dylib
0x000000001f11b000 	/System/Library/Frameworks/ApplicationServices.framework/Versions/A/Frameworks/ATS.framework/Versions/A/Resources/libFontRegistry.dylib
0x000000001f11b000 	/System/Library/Frameworks/ImageIO.framework/Versions/A/Resources/libJPEG.dylib
0x000000001f11b000 	/System/Library/Frameworks/ImageIO.framework/Versions/A/Resources/libTIFF.dylib
0x000000001f11b000 	/System/Library/Frameworks/ImageIO.framework/Versions/A/Resources/libPng.dylib
0x000000001f11b000 	/System/Library/Frameworks/ImageIO.framework/Versions/A/Resources/libGIF.dylib
0x000000001f11b000 	/System/Library/Frameworks/ImageIO.framework/Versions/A/Resources/libJP2.dylib
0x000000001f11b000 	/System/Library/Frameworks/ImageIO.framework/Versions/A/Resources/libRadiance.dylib
0x000000001f11b000 	/System/Library/PrivateFrameworks/AppleJPEG.framework/Versions/A/AppleJPEG
0x000000001f11b000 	/System/Library/PrivateFrameworks/MetalTools.framework/Versions/A/MetalTools
0x000000001f11b000 	/System/Library/Frameworks/MetalPerformanceShaders.framework/Frameworks/MPSCore.framework/Versions/A/MPSCore
0x000000001f11b000 	/System/Library/Frameworks/MetalPerformanceShaders.framework/Frameworks/MPSImage.framework/Versions/A/MPSImage
0x000000001f11b000 	/System/Library/Frameworks/MetalPerformanceShaders.framework/Frameworks/MPSMatrix.framework/Versions/A/MPSMatrix
0x000000001f11b000 	/System/Library/Frameworks/MetalPerformanceShaders.framework/Frameworks/MPSNeuralNetwork.framework/Versions/A/MPSNeuralNetwork
0x000000001f11b000 	/System/Library/Frameworks/OpenGL.framework/Versions/A/Libraries/libGLU.dylib
0x000000001f11b000 	/System/Library/Frameworks/OpenGL.framework/Versions/A/Libraries/libGFXShared.dylib
0x000000001f11b000 	/System/Library/Frameworks/OpenGL.framework/Versions/A/Libraries/libGL.dylib
0x000000001f11b000 	/System/Library/Frameworks/OpenGL.framework/Versions/A/Libraries/libGLImage.dylib
0x000000001f11b000 	/System/Library/Frameworks/OpenGL.framework/Versions/A/Libraries/libCVMSPluginSupport.dylib
0x000000001f11b000 	/System/Library/Frameworks/OpenGL.framework/Versions/A/Libraries/libCoreVMClient.dylib
0x000000001f11b000 	/usr/lib/libcups.2.dylib
0x000000001f11b000 	/System/Library/Frameworks/Kerberos.framework/Versions/A/Kerberos
0x000000001f11b000 	/System/Library/Frameworks/GSS.framework/Versions/A/GSS
0x000000001f11b000 	/usr/lib/libresolv.9.dylib
0x000000001f11b000 	/usr/lib/libiconv.2.dylib
0x000000001f11b000 	/System/Library/PrivateFrameworks/Heimdal.framework/Versions/A/Heimdal
0x000000001f11b000 	/usr/lib/libheimdal-asn1.dylib
0x000000001f11b000 	/System/Library/Frameworks/OpenDirectory.framework/Versions/A/OpenDirectory
0x000000001f11b000 	/System/Library/PrivateFrameworks/CommonAuth.framework/Versions/A/CommonAuth
0x000000001f11b000 	/System/Library/Frameworks/OpenDirectory.framework/Versions/A/Frameworks/CFOpenDirectory.framework/Versions/A/CFOpenDirectory
0x000000001f11b000 	/System/Library/Frameworks/SecurityFoundation.framework/Versions/A/SecurityFoundation
0x000000001f11b000 	/System/Library/PrivateFrameworks/APFS.framework/Versions/A/APFS
0x000000001f11b000 	/usr/lib/libutil.dylib
0x000000001f11b000 	/System/Library/PrivateFrameworks/AppleSauce.framework/Versions/A/AppleSauce
0x000000001f11b000 	/System/Library/PrivateFrameworks/LinguisticData.framework/Versions/A/LinguisticData
0x000000001f11b000 	/usr/lib/libmarisa.dylib
0x000000001f11b000 	/System/Library/PrivateFrameworks/Lexicon.framework/Versions/A/Lexicon
0x000000001f11b000 	/usr/lib/libChineseTokenizer.dylib
0x000000001f11b000 	/usr/lib/libcmph.dylib
0x000000001f11b000 	/System/Library/PrivateFrameworks/LanguageModeling.framework/Versions/A/LanguageModeling
0x000000001f11b000 	/System/Library/PrivateFrameworks/CoreEmoji.framework/Versions/A/CoreEmoji
0x000000001f11b000 	/System/Library/Frameworks/ServiceManagement.framework/Versions/A/ServiceManagement
0x000000001f11b000 	/System/Library/PrivateFrameworks/BackgroundTaskManagement.framework/Versions/A/BackgroundTaskManagement
0x000000001f11b000 	/usr/lib/libxslt.1.dylib
0x000000001f11b000 	/System/Library/Frameworks/Carbon.framework/Versions/A/Frameworks/Ink.framework/Versions/A/Ink
0x000000001f11b000 	/System/Library/PrivateFrameworks/TextureIO.framework/Versions/A/TextureIO
0x000000001f11b000 	/usr/lib/libate.dylib
0x000000001f11b000 	/System/Library/PrivateFrameworks/CrashReporterSupport.framework/Versions/A/CrashReporterSupport
0x000000001f11b000 	/System/Library/PrivateFrameworks/Sharing.framework/Versions/A/Sharing
0x000000001f11b000 	/System/Library/PrivateFrameworks/IconServices.framework/Versions/A/IconServices
0x000000001f11b000 	/System/Library/PrivateFrameworks/ProtocolBuffer.framework/Versions/A/ProtocolBuffer
0x000000001f11b000 	/System/Library/PrivateFrameworks/Apple80211.framework/Versions/A/Apple80211
0x000000001f11b000 	/System/Library/Frameworks/CoreWLAN.framework/Versions/A/CoreWLAN
0x000000001f11b000 	/System/Library/PrivateFrameworks/CoreUtils.framework/Versions/A/CoreUtils
0x000000001f11b000 	/System/Library/Frameworks/IOBluetooth.framework/Versions/A/IOBluetooth
0x000000001f11b000 	/System/Library/PrivateFrameworks/CoreWiFi.framework/Versions/A/CoreWiFi
0x000000001f11b000 	/System/Library/Frameworks/CoreBluetooth.framework/Versions/A/CoreBluetooth
0x000000001f11b000 	/System/Library/PrivateFrameworks/SignpostNotification.framework/Versions/A/SignpostNotification
0x000000001f11b000 	/System/Library/PrivateFrameworks/DebugSymbols.framework/Versions/A/DebugSymbols
0x000000001f11b000 	/System/Library/PrivateFrameworks/CoreSymbolication.framework/Versions/A/CoreSymbolication
0x000000001f11b000 	/System/Library/PrivateFrameworks/Symbolication.framework/Versions/A/Symbolication
0x000000001f11b000 	/System/Library/PrivateFrameworks/AppleFSCompression.framework/Versions/A/AppleFSCompression
0x000000001f11b000 	/System/Library/PrivateFrameworks/SpeechRecognitionCore.framework/Versions/A/SpeechRecognitionCore
0x0000000101800000 	/Applications/Android Studio.app/Contents/jre/jdk/Contents/Home/jre/lib/server/libjvm.dylib
0x000000001f11b000 	/usr/lib/libstdc++.6.0.9.dylib
0x0000000100674000 	/Applications/Android Studio.app/Contents/jre/jdk/Contents/Home/jre/lib/libverify.dylib
0x0000000100680000 	/Applications/Android Studio.app/Contents/jre/jdk/Contents/Home/jre/lib/libjava.dylib
0x00000001006fe000 	/Applications/Android Studio.app/Contents/jre/jdk/Contents/Home/jre/lib/libzip.dylib
0x0000000108a2c000 	/Applications/Android Studio.app/Contents/jre/jdk/Contents/Home/jre/lib/libnet.dylib
0x0000000108b08000 	/Applications/Android Studio.app/Contents/jre/jdk/Contents/Home/jre/lib/libnio.dylib
0x0000000108c73000 	/Users/annascott/.gradle/native/25/osx-amd64/libnative-platform.dylib
0x0000000109039000 	/Applications/Android Studio.app/Contents/jre/jdk/Contents/Home/jre/lib/libmanagement.dylib

VM Arguments:
jvm_args: -Xmx1536m -Dfile.encoding=UTF-8 -Duser.country=US -Duser.language=en -Duser.variant 
java_command: org.gradle.launcher.daemon.bootstrap.GradleDaemon 4.4
java_class_path (initial): /Users/annascott/.gradle/wrapper/dists/gradle-4.4-all/9br9xq1tocpiv8o6njlyu5op1/gradle-4.4/lib/gradle-launcher-4.4.jar
Launcher Type: SUN_STANDARD

Environment Variables:
PATH=/usr/local/bin:/usr/bin:/bin:/usr/sbin:/sbin
SHELL=/bin/bash

Signal Handlers:
SIGSEGV: [libjvm.dylib+0x53f567], sa_mask[0]=11111111011111110111111111111111, sa_flags=SA_ONSTACK|SA_RESTART|SA_SIGINFO
SIGBUS: [libjvm.dylib+0x53f567], sa_mask[0]=11111111011111110111111111111111, sa_flags=SA_RESTART|SA_SIGINFO
SIGFPE: [libjvm.dylib+0x437adf], sa_mask[0]=11111111011111110111111111111111, sa_flags=SA_RESTART|SA_SIGINFO
SIGPIPE: [libjvm.dylib+0x437adf], sa_mask[0]=11111111011111110111111111111111, sa_flags=SA_RESTART|SA_SIGINFO
SIGXFSZ: [libjvm.dylib+0x437adf], sa_mask[0]=11111111011111110111111111111111, sa_flags=SA_RESTART|SA_SIGINFO
SIGILL: [libjvm.dylib+0x437adf], sa_mask[0]=11111111011111110111111111111111, sa_flags=SA_RESTART|SA_SIGINFO
SIGUSR1: SIG_DFL, sa_mask[0]=00000000000000000000000000000000, sa_flags=none
SIGUSR2: [libjvm.dylib+0x438404], sa_mask[0]=00100000000000000000000000000000, sa_flags=SA_RESTART|SA_SIGINFO
SIGHUP: [libjvm.dylib+0x4365f9], sa_mask[0]=11111111011111110111111111111111, sa_flags=SA_RESTART|SA_SIGINFO
SIGINT: [libjvm.dylib+0x4365f9], sa_mask[0]=11111111011111110111111111111111, sa_flags=SA_RESTART|SA_SIGINFO
SIGTERM: [libjvm.dylib+0x4365f9], sa_mask[0]=11111111011111110111111111111111, sa_flags=SA_RESTART|SA_SIGINFO
SIGQUIT: [libjvm.dylib+0x4365f9], sa_mask[0]=11111111011111110111111111111111, sa_flags=SA_RESTART|SA_SIGINFO


---------------  S Y S T E M  ---------------

OS:Bsduname:Darwin 17.3.0 Darwin Kernel Version 17.3.0: Thu Nov  9 18:09:22 PST 2017; root:xnu-4570.31.3~1/RELEASE_X86_64 x86_64
rlimit: STACK 8192k, CORE 0k, NPROC 1418, NOFILE 10240, AS infinity
load average:2.54 2.18 1.17

CPU:total 8 (initial active 8) (4 cores per cpu, 2 threads per core) family 6 model 94 stepping 3, cmov, cx8, fxsr, mmx, sse, sse2, sse3, ssse3, sse4.1, sse4.2, popcnt, avx, avx2, aes, clmul, erms, rtm, 3dnowpref, lzcnt, ht, tsc, tscinvbit, bmi1, bmi2, adx

Memory: 4k page, physical 16777216k(2745352k free)

/proc/meminfo:


vm_info: OpenJDK 64-Bit Server VM (25.152-b01) for bsd-amd64 JRE (1.8.0_152-release-1024-b01), built by "builder" with gcc 4.2.1 Compatible Apple LLVM 8.1.0 (clang-802.0.42)

time: Thu May 17 18:23:19 2018
elapsed time: 8 seconds (0d 0h 0m 8s)

