#
# A fatal error has been detected by the Java Runtime Environment:
#
#  SIGSEGV (0xb) at pc=0x000000010eb4ba56, pid=640, tid=0x0000000000004603
#
# JRE version: OpenJDK Runtime Environment (8.0_152-b01) (build 1.8.0_152-release-1024-b01)
# Java VM: OpenJDK 64-Bit Server VM (25.152-b01 mixed mode bsd-amd64 compressed oops)
# Problematic frame:
# V  [libjvm.dylib+0x14ba56]
#
# Failed to write core dump. Core dumps have been disabled. To enable core dumping, try "ulimit -c unlimited" before starting Java again
#
# If you would like to submit a bug report, please visit:
#   http://bugreport.java.com/bugreport/crash.jsp
#

---------------  T H R E A D  ---------------

Current thread (0x00007fa3f3849800):  JavaThread "C2 CompilerThread0" daemon [_thread_in_native, id=17923, stack(0x0000700008286000,0x0000700008386000)]

siginfo: si_signo: 11 (SIGSEGV), si_code: 1 (SEGV_MAPERR), si_addr: 0x00007fa1f94aa010

Registers:
RAX=0x00007fa3f94aa010, RBX=0x00007000083843a0, RCX=0x00007fa3f94aa010, RDX=0x0000000000000000
RSP=0x0000700008382940, RBP=0x00007000083829b0, RSI=0x00000001284bd928, RDI=0x00007000083842b8
R8 =0x0000000055555555, R9 =0x0000000000000001, R10=0x000000000000000a, R11=0xffffffffff6f2a08
R12=0xffffffff80000000, R13=0x00007000083842b8, R14=0x0000000000000000, R15=0x00000001284bd928
RIP=0x000000010eb4ba56, EFLAGS=0x0000000000010246, ERR=0x0000000000000004
  TRAPNO=0x000000000000000e

Top of Stack: (sp=0x0000700008382940)
0x0000700008382940:   00000000000009ef 0000700008382960
0x0000700008382950:   00007000083829b0 000000010ec8842a
0x0000700008382960:   000024c200000000 0000000000000008
0x0000700008382970:   00007fa3f7784680 0000000100000001
0x0000700008382980:   00007fa3f8bbd810 00000000000009ef
0x0000700008382990:   00000001284bd960 00007000083842b8
0x00007000083829a0:   0000000000000000 00007000083829c8
0x00007000083829b0:   0000700008382a50 000000010eb4b347
0x00007000083829c0:   0000001e00000000 000024c200000000
0x00007000083829d0:   00007fa300000008 00007fa3f7784680
0x00007000083829e0:   00007fa300000001 00007fa3f8bbd810
0x00007000083829f0:   0000000100000001 00000001288ff430
0x0000700008382a00:   00000001284bd928 000000012847d010
0x0000700008382a10:   0000000000040918 00000000cc000000
0x0000700008382a20:   0000752fffffffff 0000700008382bf0
0x0000700008382a30:   00007000083843a0 00007000083842b8
0x0000700008382a40:   00007000083843a0 0000700008382b28
0x0000700008382a50:   0000700008382c80 000000010eb49e07
0x0000700008382a60:   00007fffb4329000 000000010f1afba0
0x0000700008382a70:   000070000000000d 0000700008385078
0x0000700008382a80:   00007000083842b8 0000000100000009
0x0000700008382a90:   00007fa3f3713290 000000000000000c
0x0000700008382aa0:   0000700008382ac0 00007fff7b3c650b
0x0000700008382ab0:   0000000000000000 000000010f1deffc
0x0000700008382ac0:   0000700008382b00 000000010ee32926
0x0000700008382ad0:   0000000000000000 000000000000df50
0x0000700008382ae0:   00007fa3f951e200 00007000083842b8
0x0000700008382af0:   00007fa3f954b000 000000000000df50
0x0000700008382b00:   0000700008382b50 000000010ea98931
0x0000700008382b10:   0000000000000000 0000000000000035
0x0000700008382b20:   0000000000000000 000000000000000a
0x0000700008382b30:   0000700008385078 0000000126586010 

Instructions: (pc=0x000000010eb4ba56)
0x000000010eb4ba36:   44 89 f2 e8 8d 01 00 00 84 c0 74 d1 e9 00 01 00
0x000000010eb4ba46:   00 48 8b 5d d0 4d 63 67 24 49 8b 85 08 01 00 00
0x000000010eb4ba56:   46 39 24 a0 74 0e 48 89 df 44 89 e6 e8 8b d9 ff
0x000000010eb4ba66:   ff 41 89 c4 45 85 e4 0f 84 ac 00 00 00 49 8b 45 

Register to memory mapping:

RAX=0x00007fa3f94aa010 is an unknown value
RBX=0x00007000083843a0 is pointing into the stack for thread: 0x00007fa3f3849800
RCX=0x00007fa3f94aa010 is an unknown value
RDX=0x0000000000000000 is an unknown value
RSP=0x0000700008382940 is pointing into the stack for thread: 0x00007fa3f3849800
RBP=0x00007000083829b0 is pointing into the stack for thread: 0x00007fa3f3849800
RSI=0x00000001284bd928 is an unknown value
RDI=0x00007000083842b8 is pointing into the stack for thread: 0x00007fa3f3849800
R8 =0x0000000055555555 is an unknown value
R9 =0x0000000000000001 is an unknown value
R10=0x000000000000000a is an unknown value
R11=0xffffffffff6f2a08 is an unknown value
R12=0xffffffff80000000 is an unknown value
R13=0x00007000083842b8 is pointing into the stack for thread: 0x00007fa3f3849800
R14=0x0000000000000000 is an unknown value
R15=0x00000001284bd928 is an unknown value


Stack: [0x0000700008286000,0x0000700008386000],  sp=0x0000700008382940,  free space=1010k
Native frames: (J=compiled Java code, j=interpreted, Vv=VM code, C=native code)
V  [libjvm.dylib+0x14ba56]
V  [libjvm.dylib+0x14b347]
V  [libjvm.dylib+0x149e07]
V  [libjvm.dylib+0x1969a0]
V  [libjvm.dylib+0x195388]
V  [libjvm.dylib+0x13b9da]
V  [libjvm.dylib+0x1a067a]
V  [libjvm.dylib+0x19fc78]
V  [libjvm.dylib+0x505e88]
V  [libjvm.dylib+0x505d4d]
V  [libjvm.dylib+0x435709]
C  [libsystem_pthread.dylib+0x36c1]  _pthread_body+0x154
C  [libsystem_pthread.dylib+0x356d]  _pthread_body+0x0
C  [libsystem_pthread.dylib+0x2c5d]  thread_start+0xd
C  0x0000000000000000


Current CompileTask:
C2:   4749 3342       4       org.gradle.model.internal.type.ModelType::wrap (219 bytes)


---------------  P R O C E S S  ---------------

Java Threads: ( => current thread )
  0x00007fa3f85ee800 JavaThread "Memory manager" [_thread_blocked, id=39171, stack(0x0000700009cd4000,0x0000700009dd4000)]
  0x00007fa3f33ff000 JavaThread "build operations Thread 8" [_thread_blocked, id=27651, stack(0x0000700009bd1000,0x0000700009cd1000)]
  0x00007fa3f33fe000 JavaThread "build operations Thread 7" [_thread_blocked, id=27395, stack(0x0000700009ace000,0x0000700009bce000)]
  0x00007fa3f3f6b800 JavaThread "build operations Thread 6" [_thread_blocked, id=26883, stack(0x00007000099cb000,0x0000700009acb000)]
  0x00007fa3f3b69000 JavaThread "build operations Thread 5" [_thread_blocked, id=26627, stack(0x00007000098c8000,0x00007000099c8000)]
  0x00007fa3f3b68800 JavaThread "build operations Thread 4" [_thread_blocked, id=40451, stack(0x00007000097c5000,0x00007000098c5000)]
  0x00007fa3f4dfc800 JavaThread "build operations Thread 3" [_thread_blocked, id=40963, stack(0x00007000096c2000,0x00007000097c2000)]
  0x00007fa3f9126800 JavaThread "build operations Thread 2" [_thread_blocked, id=26115, stack(0x00007000095bf000,0x00007000096bf000)]
  0x00007fa3f4ff7000 JavaThread "build operations" [_thread_blocked, id=41219, stack(0x00007000094bc000,0x00007000095bc000)]
  0x00007fa3f2e4a000 JavaThread "Cache worker for Artifact transforms cache (/Users/annascott/.gradle/caches/transforms-1)" [_thread_blocked, id=25347, stack(0x00007000093b9000,0x00007000094b9000)]
  0x00007fa3f334a000 JavaThread "Cache worker for file hash cache (/Users/annascott/AndroidStudioProjects/TeacherBurnoutTest/.gradle/4.4/fileHashes)" [_thread_blocked, id=24835, stack(0x00007000092b6000,0x00007000093b6000)]
  0x00007fa3f3b32800 JavaThread "File lock request listener" [_thread_in_native, id=41475, stack(0x00007000091b3000,0x00007000092b3000)]
  0x00007fa3f2d1c000 JavaThread "Cache worker for file hash cache (/Users/annascott/.gradle/caches/4.4/fileHashes)" [_thread_blocked, id=24323, stack(0x00007000090b0000,0x00007000091b0000)]
  0x00007fa3f4c0d800 JavaThread "Stdin handler" [_thread_blocked, id=41987, stack(0x0000700008fad000,0x00007000090ad000)]
  0x00007fa3f4c0f800 JavaThread "Asynchronous log dispatcher for DefaultDaemonConnection: socket connection from /127.0.0.1:49475 to /127.0.0.1:49476" [_thread_blocked, id=42243, stack(0x0000700008eaa000,0x0000700008faa000)]
  0x00007fa3f3b20000 JavaThread "Daemon worker" [_thread_in_vm, id=42499, stack(0x0000700008da7000,0x0000700008ea7000)]
  0x00007fa3f3338000 JavaThread "Cancel handler" [_thread_blocked, id=43011, stack(0x0000700008ca4000,0x0000700008da4000)]
  0x00007fa3f6832000 JavaThread "Handler for socket connection from /127.0.0.1:49475 to /127.0.0.1:49476" [_thread_in_native, id=23299, stack(0x0000700008ba1000,0x0000700008ca1000)]
  0x00007fa3f5847800 JavaThread "Daemon" [_thread_blocked, id=22787, stack(0x0000700008a9e000,0x0000700008b9e000)]
  0x00007fa3f4bfb800 JavaThread "Daemon periodic checks" [_thread_blocked, id=22275, stack(0x000070000899b000,0x0000700008a9b000)]
  0x00007fa3f4bfe800 JavaThread "Incoming local TCP Connector on port 49475" [_thread_in_native, id=21763, stack(0x0000700008898000,0x0000700008998000)]
  0x00007fa3f384d800 JavaThread "Service Thread" daemon [_thread_blocked, id=16899, stack(0x0000700008692000,0x0000700008792000)]
  0x00007fa3f384c800 JavaThread "C1 CompilerThread3" daemon [_thread_in_native, id=17155, stack(0x000070000858f000,0x000070000868f000)]
  0x00007fa3f384c000 JavaThread "C2 CompilerThread2" daemon [_thread_in_native, id=15363, stack(0x000070000848c000,0x000070000858c000)]
  0x00007fa3f384b000 JavaThread "C2 CompilerThread1" daemon [_thread_in_native, id=17667, stack(0x0000700008389000,0x0000700008489000)]
=>0x00007fa3f3849800 JavaThread "C2 CompilerThread0" daemon [_thread_in_native, id=17923, stack(0x0000700008286000,0x0000700008386000)]
  0x00007fa3f3848800 JavaThread "Signal Dispatcher" daemon [_thread_blocked, id=18439, stack(0x0000700008183000,0x0000700008283000)]
  0x00007fa3f280e800 JavaThread "Finalizer" daemon [_thread_blocked, id=12803, stack(0x0000700008080000,0x0000700008180000)]
  0x00007fa3f2803000 JavaThread "Reference Handler" daemon [_thread_blocked, id=19971, stack(0x0000700007f7d000,0x000070000807d000)]
  0x00007fa3f3802800 JavaThread "main" [_thread_blocked, id=9731, stack(0x000070000755f000,0x000070000765f000)]

Other Threads:
  0x00007fa3f3010000 VMThread [stack: 0x0000700007e7a000,0x0000700007f7a000] [id=20483]
  0x00007fa3f4822800 WatcherThread [stack: 0x0000700008795000,0x0000700008895000] [id=16131]

VM state:not at safepoint (normal execution)

VM Mutex/Monitor currently owned by a thread:  ([mutex/lock_event])
[0x00007fa3f2402b60] CodeCache_lock - owner thread: 0x00007fa3f384c800
[0x00007fa3f24041e0] Compile_lock - owner thread: 0x0000000000000000

Heap:
 PSYoungGen      total 138240K, used 77962K [0x00000007a0000000, 0x00000007aa180000, 0x00000007c0000000)
  eden space 127488K, 61% used [0x00000007a0000000,0x00000007a4c22888,0x00000007a7c80000)
  from space 10752K, 0% used [0x00000007a7c80000,0x00000007a7c80000,0x00000007a8700000)
  to   space 13312K, 0% used [0x00000007a9480000,0x00000007a9480000,0x00000007aa180000)
 ParOldGen       total 176640K, used 19091K [0x0000000760000000, 0x000000076ac80000, 0x00000007a0000000)
  object space 176640K, 10% used [0x0000000760000000,0x00000007612a4ee8,0x000000076ac80000)
 Metaspace       used 38500K, capacity 39308K, committed 39552K, reserved 1083392K
  class space    used 5265K, capacity 5500K, committed 5504K, reserved 1048576K

Card table byte_map: [0x000000010f839000,0x000000010fb3a000] byte_map_base: 0x000000010bd39000

Marking Bits: (ParMarkBitMap*) 0x000000010f1f81c8
 Begin Bits: [0x000000010fd3a000, 0x000000011153a000)
 End Bits:   [0x000000011153a000, 0x0000000112d3a000)

Polling page: 0x000000010d9ba000

CodeCache: size=245760Kb used=12787Kb max_used=12787Kb free=232972Kb
 bounds [0x0000000115fb9000, 0x0000000116c49000, 0x0000000124fb9000]
 total_blobs=4379 nmethods=3676 adapters=617
 compilation: enabled

Compilation events (10 events):
Event: 4.733 Thread 0x00007fa3f384c800 nmethod 3693 0x0000000116c1e750 code [0x0000000116c1e9a0, 0x0000000116c1fa78]
Event: 4.733 Thread 0x00007fa3f384c800 3697       3       groovy.lang.MetaMethod::equal (38 bytes)
Event: 4.734 Thread 0x00007fa3f384c800 nmethod 3697 0x0000000116c14390 code [0x0000000116c14500, 0x0000000116c147b0]
Event: 4.734 Thread 0x00007fa3f384c800 3696       3       groovy.lang.MetaClassImpl::findMethod (130 bytes)
Event: 4.735 Thread 0x00007fa3f384c800 nmethod 3696 0x0000000116c20090 code [0x0000000116c20300, 0x0000000116c21578]
Event: 4.735 Thread 0x00007fa3f384c800 3694       3       org.codehaus.groovy.reflection.CachedField::<init> (18 bytes)
Event: 4.735 Thread 0x00007fa3f384c800 nmethod 3694 0x0000000116c13d50 code [0x0000000116c13ec0, 0x0000000116c14250]
Event: 4.735 Thread 0x00007fa3f384c800 3695       3       org.codehaus.groovy.reflection.CachedMethod::find (30 bytes)
Event: 4.736 Thread 0x00007fa3f384c800 nmethod 3695 0x0000000116c21c50 code [0x0000000116c21ea0, 0x0000000116c22e88]
Event: 4.736 Thread 0x00007fa3f384c800 3698   !   3       org.gradle.api.internal.AbstractClassGenerator::generateUnderLock (1123 bytes)

GC Heap History (10 events):
Event: 1.867 GC heap before
{Heap before GC invocations=3 (full 0):
 PSYoungGen      total 76288K, used 32593K [0x00000007a0000000, 0x00000007a9500000, 0x00000007c0000000)
  eden space 65536K, 33% used [0x00000007a0000000,0x00000007a15a7020,0x00000007a4000000)
  from space 10752K, 96% used [0x00000007a4a80000,0x00000007a54ad670,0x00000007a5500000)
  to   space 10752K, 0% used [0x00000007a4000000,0x00000007a4000000,0x00000007a4a80000)
 ParOldGen       total 175104K, used 24K [0x0000000760000000, 0x000000076ab00000, 0x00000007a0000000)
  object space 175104K, 0% used [0x0000000760000000,0x0000000760006000,0x000000076ab00000)
 Metaspace       used 20754K, capacity 21102K, committed 21248K, reserved 1067008K
  class space    used 2919K, capacity 3069K, committed 3072K, reserved 1048576K
Event: 1.876 GC heap after
Heap after GC invocations=3 (full 0):
 PSYoungGen      total 76288K, used 8967K [0x00000007a0000000, 0x00000007a9500000, 0x00000007c0000000)
  eden space 65536K, 0% used [0x00000007a0000000,0x00000007a0000000,0x00000007a4000000)
  from space 10752K, 83% used [0x00000007a4000000,0x00000007a48c1f58,0x00000007a4a80000)
  to   space 10752K, 0% used [0x00000007a8a80000,0x00000007a8a80000,0x00000007a9500000)
 ParOldGen       total 175104K, used 32K [0x0000000760000000, 0x000000076ab00000, 0x00000007a0000000)
  object space 175104K, 0% used [0x0000000760000000,0x0000000760008000,0x000000076ab00000)
 Metaspace       used 20754K, capacity 21102K, committed 21248K, reserved 1067008K
  class space    used 2919K, capacity 3069K, committed 3072K, reserved 1048576K
}
Event: 1.876 GC heap before
{Heap before GC invocations=4 (full 1):
 PSYoungGen      total 76288K, used 8967K [0x00000007a0000000, 0x00000007a9500000, 0x00000007c0000000)
  eden space 65536K, 0% used [0x00000007a0000000,0x00000007a0000000,0x00000007a4000000)
  from space 10752K, 83% used [0x00000007a4000000,0x00000007a48c1f58,0x00000007a4a80000)
  to   space 10752K, 0% used [0x00000007a8a80000,0x00000007a8a80000,0x00000007a9500000)
 ParOldGen       total 175104K, used 32K [0x0000000760000000, 0x000000076ab00000, 0x00000007a0000000)
  object space 175104K, 0% used [0x0000000760000000,0x0000000760008000,0x000000076ab00000)
 Metaspace       used 20754K, capacity 21102K, committed 21248K, reserved 1067008K
  class space    used 2919K, capacity 3069K, committed 3072K, reserved 1048576K
Event: 1.908 GC heap after
Heap after GC invocations=4 (full 1):
 PSYoungGen      total 76288K, used 0K [0x00000007a0000000, 0x00000007a9500000, 0x00000007c0000000)
  eden space 65536K, 0% used [0x00000007a0000000,0x00000007a0000000,0x00000007a4000000)
  from space 10752K, 0% used [0x00000007a4000000,0x00000007a4000000,0x00000007a4a80000)
  to   space 10752K, 0% used [0x00000007a8a80000,0x00000007a8a80000,0x00000007a9500000)
 ParOldGen       total 108544K, used 8740K [0x0000000760000000, 0x0000000766a00000, 0x00000007a0000000)
  object space 108544K, 8% used [0x0000000760000000,0x0000000760889198,0x0000000766a00000)
 Metaspace       used 20754K, capacity 21102K, committed 21248K, reserved 1067008K
  class space    used 2919K, capacity 3069K, committed 3072K, reserved 1048576K
}
Event: 2.640 GC heap before
{Heap before GC invocations=5 (full 1):
 PSYoungGen      total 76288K, used 65536K [0x00000007a0000000, 0x00000007a9500000, 0x00000007c0000000)
  eden space 65536K, 100% used [0x00000007a0000000,0x00000007a4000000,0x00000007a4000000)
  from space 10752K, 0% used [0x00000007a4000000,0x00000007a4000000,0x00000007a4a80000)
  to   space 10752K, 0% used [0x00000007a8a80000,0x00000007a8a80000,0x00000007a9500000)
 ParOldGen       total 108544K, used 8740K [0x0000000760000000, 0x0000000766a00000, 0x00000007a0000000)
  object space 108544K, 8% used [0x0000000760000000,0x0000000760889198,0x0000000766a00000)
 Metaspace       used 26228K, capacity 26702K, committed 27136K, reserved 1073152K
  class space    used 3637K, capacity 3796K, committed 3840K, reserved 1048576K
Event: 2.649 GC heap after
Heap after GC invocations=5 (full 1):
 PSYoungGen      total 103936K, used 6761K [0x00000007a0000000, 0x00000007a9180000, 0x00000007c0000000)
  eden space 96768K, 0% used [0x00000007a0000000,0x00000007a0000000,0x00000007a5e80000)
  from space 7168K, 94% used [0x00000007a8a80000,0x00000007a911a4f8,0x00000007a9180000)
  to   space 10752K, 0% used [0x00000007a7c80000,0x00000007a7c80000,0x00000007a8700000)
 ParOldGen       total 108544K, used 8748K [0x0000000760000000, 0x0000000766a00000, 0x00000007a0000000)
  object space 108544K, 8% used [0x0000000760000000,0x000000076088b198,0x0000000766a00000)
 Metaspace       used 26228K, capacity 26702K, committed 27136K, reserved 1073152K
  class space    used 3637K, capacity 3796K, committed 3840K, reserved 1048576K
}
Event: 4.058 GC heap before
{Heap before GC invocations=6 (full 1):
 PSYoungGen      total 103936K, used 97328K [0x00000007a0000000, 0x00000007a9180000, 0x00000007c0000000)
  eden space 96768K, 93% used [0x00000007a0000000,0x00000007a5871e98,0x00000007a5e80000)
  from space 7168K, 94% used [0x00000007a8a80000,0x00000007a911a4f8,0x00000007a9180000)
  to   space 10752K, 0% used [0x00000007a7c80000,0x00000007a7c80000,0x00000007a8700000)
 ParOldGen       total 108544K, used 8748K [0x0000000760000000, 0x0000000766a00000, 0x00000007a0000000)
  object space 108544K, 8% used [0x0000000760000000,0x000000076088b198,0x0000000766a00000)
 Metaspace       used 34515K, capacity 35152K, committed 35416K, reserved 1079296K
  class space    used 4763K, capacity 4998K, committed 5120K, reserved 1048576K
Event: 4.068 GC heap after
Heap after GC invocations=6 (full 1):
 PSYoungGen      total 138240K, used 10736K [0x00000007a0000000, 0x00000007aa180000, 0x00000007c0000000)
  eden space 127488K, 0% used [0x00000007a0000000,0x00000007a0000000,0x00000007a7c80000)
  from space 10752K, 99% used [0x00000007a7c80000,0x00000007a86fc258,0x00000007a8700000)
  to   space 13312K, 0% used [0x00000007a9480000,0x00000007a9480000,0x00000007aa180000)
 ParOldGen       total 108544K, used 10578K [0x0000000760000000, 0x0000000766a00000, 0x00000007a0000000)
  object space 108544K, 9% used [0x0000000760000000,0x0000000760a54a60,0x0000000766a00000)
 Metaspace       used 34515K, capacity 35152K, committed 35416K, reserved 1079296K
  class space    used 4763K, capacity 4998K, committed 5120K, reserved 1048576K
}
Event: 4.068 GC heap before
{Heap before GC invocations=7 (full 2):
 PSYoungGen      total 138240K, used 10736K [0x00000007a0000000, 0x00000007aa180000, 0x00000007c0000000)
  eden space 127488K, 0% used [0x00000007a0000000,0x00000007a0000000,0x00000007a7c80000)
  from space 10752K, 99% used [0x00000007a7c80000,0x00000007a86fc258,0x00000007a8700000)
  to   space 13312K, 0% used [0x00000007a9480000,0x00000007a9480000,0x00000007aa180000)
 ParOldGen       total 108544K, used 10578K [0x0000000760000000, 0x0000000766a00000, 0x00000007a0000000)
  object space 108544K, 9% used [0x0000000760000000,0x0000000760a54a60,0x0000000766a00000)
 Metaspace       used 34515K, capacity 35152K, committed 35416K, reserved 1079296K
  class space    used 4763K, capacity 4998K, committed 5120K, reserved 1048576K
Event: 4.105 GC heap after
Heap after GC invocations=7 (full 2):
 PSYoungGen      total 138240K, used 0K [0x00000007a0000000, 0x00000007aa180000, 0x00000007c0000000)
  eden space 127488K, 0% used [0x00000007a0000000,0x00000007a0000000,0x00000007a7c80000)
  from space 10752K, 0% used [0x00000007a7c80000,0x00000007a7c80000,0x00000007a8700000)
  to   space 13312K, 0% used [0x00000007a9480000,0x00000007a9480000,0x00000007aa180000)
 ParOldGen       total 176640K, used 19091K [0x0000000760000000, 0x000000076ac80000, 0x00000007a0000000)
  object space 176640K, 10% used [0x0000000760000000,0x00000007612a4ee8,0x000000076ac80000)
 Metaspace       used 34515K, capacity 35152K, committed 35416K, reserved 1079296K
  class space    used 4763K, capacity 4998K, committed 5120K, reserved 1048576K
}

Deoptimization events (10 events):
Event: 4.370 Thread 0x00007fa3f3b20000 Uncommon trap: reason=unstable_if action=reinterpret pc=0x0000000116af2b4c method=java.lang.reflect.Modifier.toString(I)Ljava/lang/String; @ 123
Event: 4.382 Thread 0x00007fa3f3b20000 Uncommon trap: reason=unstable_if action=reinterpret pc=0x0000000116b294d8 method=java.lang.reflect.Modifier.toString(I)Ljava/lang/String; @ 123
Event: 4.508 Thread 0x00007fa3f3b20000 Uncommon trap: reason=unstable_if action=reinterpret pc=0x00000001166e5184 method=java.util.jar.Attributes$Name.isDigit(C)Z @ 3
Event: 4.515 Thread 0x00007fa3f3b20000 Uncommon trap: reason=unstable_if action=reinterpret pc=0x00000001168552c8 method=java.lang.ThreadLocal.get()Ljava/lang/Object; @ 11
Event: 4.540 Thread 0x00007fa3f3b20000 Uncommon trap: reason=unstable_if action=reinterpret pc=0x000000011639e1a0 method=java.lang.CharacterDataLatin1.isWhitespace(I)Z @ 14
Event: 4.572 Thread 0x00007fa3f3b20000 Uncommon trap: reason=unstable_if action=reinterpret pc=0x00000001169ffaa4 method=java.util.jar.JarFile.getInputStream(Ljava/util/zip/ZipEntry;)Ljava/io/InputStream; @ 37
Event: 4.574 Thread 0x00007fa3f3b20000 Uncommon trap: reason=unstable_if action=reinterpret pc=0x0000000116a0069c method=java.security.CodeSource.<init>(Ljava/net/URL;[Ljava/security/CodeSigner;)V @ 25
Event: 4.574 Thread 0x00007fa3f3b20000 Uncommon trap: reason=unstable_if action=reinterpret pc=0x000000011646ff90 method=java.security.CodeSource.getCertificates()[Ljava/security/cert/Certificate; @ 22
Event: 4.575 Thread 0x00007fa3f3b20000 Uncommon trap: reason=unstable_if action=reinterpret pc=0x0000000116a09b50 method=java.security.CodeSource.matchCerts(Ljava/security/CodeSource;Z)Z @ 11
Event: 4.595 Thread 0x00007fa3f3b20000 Uncommon trap: reason=unstable_if action=reinterpret pc=0x00000001169b7f7c method=java.util.LinkedHashMap.get(Ljava/lang/Object;)Ljava/lang/Object; @ 20

Classes redefined (0 events):
No events

Internal exceptions (10 events):
Event: 3.465 Thread 0x00007fa3f3b20000 Exception <a 'java/lang/ClassNotFoundException': org/gradle/api/tasks/Delete_DecoratedCustomizer> (0x00000007a3dda760) thrown at [/Volumes/android/AOSP-openjdk-git/jdk8u/hotspot/src/share/vm/classfile/systemDictionary.cpp, line 210]
Event: 3.500 Thread 0x00007fa3f3b20000 Exception <a 'java/lang/ClassNotFoundException': build_8eyx1200w2hklbbjdd907w6ztBeanInfo> (0x00000007a3f0d080) thrown at [/Volumes/android/AOSP-openjdk-git/jdk8u/hotspot/src/share/vm/classfile/systemDictionary.cpp, line 210]
Event: 3.500 Thread 0x00007fa3f3b20000 Exception <a 'java/lang/ClassNotFoundException': build_8eyx1200w2hklbbjdd907w6ztCustomizer> (0x00000007a3f17d38) thrown at [/Volumes/android/AOSP-openjdk-git/jdk8u/hotspot/src/share/vm/classfile/systemDictionary.cpp, line 210]
Event: 3.505 Thread 0x00007fa3f3b20000 Exception <a 'java/lang/ClassNotFoundException': org/gradle/api/internal/plugins/DefaultObjectConfigurationActionBeanInfo> (0x00000007a3f7ddb8) thrown at [/Volumes/android/AOSP-openjdk-git/jdk8u/hotspot/src/share/vm/classfile/systemDictionary.cpp, line 21
Event: 3.506 Thread 0x00007fa3f3b20000 Exception <a 'java/lang/ClassNotFoundException': org/gradle/api/internal/plugins/DefaultObjectConfigurationActionCustomizer> (0x00000007a3fb4d90) thrown at [/Volumes/android/AOSP-openjdk-git/jdk8u/hotspot/src/share/vm/classfile/systemDictionary.cpp, line 
Event: 4.515 Thread 0x00007fa3f3b20000 Implicit null exception at 0x00000001168550b0 to 0x00000001168552b1
Event: 4.729 Thread 0x00007fa3f3b20000 Exception <a 'java/lang/ClassNotFoundException': com/android/build/gradle/internal/api/DefaultAndroidSourceSet_DecoratedBeanInfo> (0x00000007a490ffc0) thrown at [/Volumes/android/AOSP-openjdk-git/jdk8u/hotspot/src/share/vm/classfile/systemDictionary.cpp, 
Event: 4.730 Thread 0x00007fa3f3b20000 Exception <a 'java/lang/ClassNotFoundException': com/android/build/gradle/internal/api/DefaultAndroidSourceSetBeanInfo> (0x00000007a49290d0) thrown at [/Volumes/android/AOSP-openjdk-git/jdk8u/hotspot/src/share/vm/classfile/systemDictionary.cpp, line 210]
Event: 4.730 Thread 0x00007fa3f3b20000 Exception <a 'java/lang/ClassNotFoundException': com/android/build/gradle/internal/api/DefaultAndroidSourceSetCustomizer> (0x00000007a4942638) thrown at [/Volumes/android/AOSP-openjdk-git/jdk8u/hotspot/src/share/vm/classfile/systemDictionary.cpp, line 210
Event: 4.731 Thread 0x00007fa3f3b20000 Exception <a 'java/lang/ClassNotFoundException': com/android/build/gradle/internal/api/DefaultAndroidSourceSet_DecoratedCustomizer> (0x00000007a499f380) thrown at [/Volumes/android/AOSP-openjdk-git/jdk8u/hotspot/src/share/vm/classfile/systemDictionary.cpp

Events (10 events):
Event: 4.734 loading class com/android/build/gradle/internal/variant2/DeprecatedConfigurationAction
Event: 4.734 loading class com/android/build/gradle/internal/variant2/DeprecatedConfigurationAction done
Event: 4.735 loading class com/android/build/gradle/internal/dependency/SourceSetManagerKt
Event: 4.735 loading class com/android/build/gradle/internal/dependency/SourceSetManagerKt done
Event: 4.736 loading class org/gradle/api/artifacts/DependencySet
Event: 4.736 loading class org/gradle/api/artifacts/DependencySet done
Event: 4.737 loading class com/google/common/collect/Collections2
Event: 4.737 loading class com/google/common/collect/Collections2 done
Event: 4.740 loading class com/android/builder/core/VariantType
Event: 4.740 loading class com/android/builder/core/VariantType done


Dynamic libraries:
0x000000002bfa4000 	/System/Library/Frameworks/Cocoa.framework/Versions/A/Cocoa
0x000000002bfa4000 	/System/Library/Frameworks/Security.framework/Versions/A/Security
0x000000002bfa4000 	/System/Library/Frameworks/ApplicationServices.framework/Versions/A/ApplicationServices
0x000000002bfa4000 	/usr/lib/libz.1.dylib
0x000000002bfa4000 	/usr/lib/libSystem.B.dylib
0x000000002bfa4000 	/System/Library/Frameworks/CoreFoundation.framework/Versions/A/CoreFoundation
0x000000002bfa4000 	/System/Library/Frameworks/Foundation.framework/Versions/C/Foundation
0x000000002bfa4000 	/usr/lib/libobjc.A.dylib
0x000000002bfa4000 	/System/Library/Frameworks/AppKit.framework/Versions/C/AppKit
0x000000002bfa4000 	/System/Library/Frameworks/CoreData.framework/Versions/A/CoreData
0x000000002bfa4000 	/System/Library/PrivateFrameworks/RemoteViewServices.framework/Versions/A/RemoteViewServices
0x000000002bfa4000 	/System/Library/PrivateFrameworks/UIFoundation.framework/Versions/A/UIFoundation
0x000000002bfa4000 	/System/Library/PrivateFrameworks/DFRFoundation.framework/Versions/A/DFRFoundation
0x000000002bfa4000 	/System/Library/Frameworks/Metal.framework/Versions/A/Metal
0x000000002bfa4000 	/System/Library/PrivateFrameworks/DesktopServicesPriv.framework/Versions/A/DesktopServicesPriv
0x000000002bfa4000 	/usr/lib/libenergytrace.dylib
0x000000002bfa4000 	/System/Library/PrivateFrameworks/SkyLight.framework/Versions/A/SkyLight
0x000000002bfa4000 	/System/Library/Frameworks/CoreGraphics.framework/Versions/A/CoreGraphics
0x000000002bfa4000 	/usr/lib/libScreenReader.dylib
0x000000002bfa4000 	/System/Library/Frameworks/Accelerate.framework/Versions/A/Accelerate
0x000000002bfa4000 	/System/Library/Frameworks/IOSurface.framework/Versions/A/IOSurface
0x000000002bfa4000 	/System/Library/Frameworks/AudioToolbox.framework/Versions/A/AudioToolbox
0x000000002bfa4000 	/System/Library/Frameworks/AudioUnit.framework/Versions/A/AudioUnit
0x000000002bfa4000 	/System/Library/PrivateFrameworks/DataDetectorsCore.framework/Versions/A/DataDetectorsCore
0x000000002bfa4000 	/System/Library/Frameworks/Carbon.framework/Versions/A/Frameworks/HIToolbox.framework/Versions/A/HIToolbox
0x000000002bfa4000 	/usr/lib/libicucore.A.dylib
0x000000002bfa4000 	/System/Library/Frameworks/QuartzCore.framework/Versions/A/QuartzCore
0x000000002bfa4000 	/System/Library/Frameworks/Carbon.framework/Versions/A/Frameworks/SpeechRecognition.framework/Versions/A/SpeechRecognition
0x000000002bfa4000 	/usr/lib/libauto.dylib
0x000000002bfa4000 	/usr/lib/libxml2.2.dylib
0x000000002bfa4000 	/System/Library/PrivateFrameworks/CoreUI.framework/Versions/A/CoreUI
0x000000002bfa4000 	/System/Library/Frameworks/CoreAudio.framework/Versions/A/CoreAudio
0x000000002bfa4000 	/System/Library/Frameworks/DiskArbitration.framework/Versions/A/DiskArbitration
0x000000002bfa4000 	/usr/lib/liblangid.dylib
0x000000002bfa4000 	/System/Library/PrivateFrameworks/MultitouchSupport.framework/Versions/A/MultitouchSupport
0x000000002bfa4000 	/System/Library/Frameworks/IOKit.framework/Versions/A/IOKit
0x000000002bfa4000 	/usr/lib/libDiagnosticMessagesClient.dylib
0x000000002bfa4000 	/System/Library/Frameworks/CoreServices.framework/Versions/A/CoreServices
0x000000002bfa4000 	/System/Library/PrivateFrameworks/PerformanceAnalysis.framework/Versions/A/PerformanceAnalysis
0x000000002bfa4000 	/System/Library/Frameworks/OpenGL.framework/Versions/A/OpenGL
0x000000002bfa4000 	/System/Library/Frameworks/ColorSync.framework/Versions/A/ColorSync
0x000000002bfa4000 	/System/Library/Frameworks/CoreImage.framework/Versions/A/CoreImage
0x000000002bfa4000 	/System/Library/Frameworks/CoreText.framework/Versions/A/CoreText
0x000000002bfa4000 	/System/Library/Frameworks/ImageIO.framework/Versions/A/ImageIO
0x000000002bfa4000 	/System/Library/PrivateFrameworks/Backup.framework/Versions/A/Backup
0x000000002bfa4000 	/usr/lib/libarchive.2.dylib
0x000000002bfa4000 	/System/Library/Frameworks/CFNetwork.framework/Versions/A/CFNetwork
0x000000002bfa4000 	/System/Library/Frameworks/SystemConfiguration.framework/Versions/A/SystemConfiguration
0x000000002bfa4000 	/usr/lib/libCRFSuite.dylib
0x000000002bfa4000 	/usr/lib/libc++.1.dylib
0x000000002bfa4000 	/usr/lib/libc++abi.dylib
0x000000002bfa4000 	/usr/lib/system/libcache.dylib
0x000000002bfa4000 	/usr/lib/system/libcommonCrypto.dylib
0x000000002bfa4000 	/usr/lib/system/libcompiler_rt.dylib
0x000000002bfa4000 	/usr/lib/system/libcopyfile.dylib
0x000000002bfa4000 	/usr/lib/system/libcorecrypto.dylib
0x000000002bfa4000 	/usr/lib/system/libdispatch.dylib
0x000000002bfa4000 	/usr/lib/system/libdyld.dylib
0x000000002bfa4000 	/usr/lib/system/libkeymgr.dylib
0x000000002bfa4000 	/usr/lib/system/liblaunch.dylib
0x000000002bfa4000 	/usr/lib/system/libmacho.dylib
0x000000002bfa4000 	/usr/lib/system/libquarantine.dylib
0x000000002bfa4000 	/usr/lib/system/libremovefile.dylib
0x000000002bfa4000 	/usr/lib/system/libsystem_asl.dylib
0x000000002bfa4000 	/usr/lib/system/libsystem_blocks.dylib
0x000000002bfa4000 	/usr/lib/system/libsystem_c.dylib
0x000000002bfa4000 	/usr/lib/system/libsystem_configuration.dylib
0x000000002bfa4000 	/usr/lib/system/libsystem_coreservices.dylib
0x000000002bfa4000 	/usr/lib/system/libsystem_darwin.dylib
0x000000002bfa4000 	/usr/lib/system/libsystem_dnssd.dylib
0x000000002bfa4000 	/usr/lib/system/libsystem_info.dylib
0x000000002bfa4000 	/usr/lib/system/libsystem_m.dylib
0x000000002bfa4000 	/usr/lib/system/libsystem_malloc.dylib
0x000000002bfa4000 	/usr/lib/system/libsystem_network.dylib
0x000000002bfa4000 	/usr/lib/system/libsystem_networkextension.dylib
0x000000002bfa4000 	/usr/lib/system/libsystem_notify.dylib
0x000000002bfa4000 	/usr/lib/system/libsystem_sandbox.dylib
0x000000002bfa4000 	/usr/lib/system/libsystem_secinit.dylib
0x000000002bfa4000 	/usr/lib/system/libsystem_kernel.dylib
0x000000002bfa4000 	/usr/lib/system/libsystem_platform.dylib
0x000000002bfa4000 	/usr/lib/system/libsystem_pthread.dylib
0x000000002bfa4000 	/usr/lib/system/libsystem_symptoms.dylib
0x000000002bfa4000 	/usr/lib/system/libsystem_trace.dylib
0x000000002bfa4000 	/usr/lib/system/libunwind.dylib
0x000000002bfa4000 	/usr/lib/system/libxpc.dylib
0x000000002bfa4000 	/usr/lib/closure/libclosured.dylib
0x000000002bfa4000 	/usr/lib/libbsm.0.dylib
0x000000002bfa4000 	/usr/lib/system/libkxld.dylib
0x000000002bfa4000 	/usr/lib/libOpenScriptingUtil.dylib
0x000000002bfa4000 	/usr/lib/libcoretls.dylib
0x000000002bfa4000 	/usr/lib/libcoretls_cfhelpers.dylib
0x000000002bfa4000 	/usr/lib/libpam.2.dylib
0x000000002bfa4000 	/usr/lib/libsqlite3.dylib
0x000000002bfa4000 	/usr/lib/libxar.1.dylib
0x000000002bfa4000 	/usr/lib/libbz2.1.0.dylib
0x000000002bfa4000 	/usr/lib/liblzma.5.dylib
0x000000002bfa4000 	/usr/lib/libnetwork.dylib
0x000000002bfa4000 	/usr/lib/libapple_nghttp2.dylib
0x000000002bfa4000 	/usr/lib/libpcap.A.dylib
0x000000002bfa4000 	/usr/lib/libboringssl.dylib
0x000000002bfa4000 	/usr/lib/libusrtcp.dylib
0x000000002bfa4000 	/usr/lib/libapple_crypto.dylib
0x000000002bfa4000 	/System/Library/Frameworks/CoreServices.framework/Versions/A/Frameworks/FSEvents.framework/Versions/A/FSEvents
0x000000002bfa4000 	/System/Library/Frameworks/CoreServices.framework/Versions/A/Frameworks/CarbonCore.framework/Versions/A/CarbonCore
0x000000002bfa4000 	/System/Library/Frameworks/CoreServices.framework/Versions/A/Frameworks/Metadata.framework/Versions/A/Metadata
0x000000002bfa4000 	/System/Library/Frameworks/CoreServices.framework/Versions/A/Frameworks/OSServices.framework/Versions/A/OSServices
0x000000002bfa4000 	/System/Library/Frameworks/CoreServices.framework/Versions/A/Frameworks/SearchKit.framework/Versions/A/SearchKit
0x000000002bfa4000 	/System/Library/Frameworks/CoreServices.framework/Versions/A/Frameworks/AE.framework/Versions/A/AE
0x000000002bfa4000 	/System/Library/Frameworks/CoreServices.framework/Versions/A/Frameworks/LaunchServices.framework/Versions/A/LaunchServices
0x000000002bfa4000 	/System/Library/Frameworks/CoreServices.framework/Versions/A/Frameworks/DictionaryServices.framework/Versions/A/DictionaryServices
0x000000002bfa4000 	/System/Library/Frameworks/CoreServices.framework/Versions/A/Frameworks/SharedFileList.framework/Versions/A/SharedFileList
0x000000002bfa4000 	/System/Library/Frameworks/NetFS.framework/Versions/A/NetFS
0x000000002bfa4000 	/System/Library/PrivateFrameworks/NetAuth.framework/Versions/A/NetAuth
0x000000002bfa4000 	/System/Library/PrivateFrameworks/login.framework/Versions/A/Frameworks/loginsupport.framework/Versions/A/loginsupport
0x000000002bfa4000 	/System/Library/PrivateFrameworks/TCC.framework/Versions/A/TCC
0x000000002bfa4000 	/usr/lib/libmecabra.dylib
0x000000002bfa4000 	/System/Library/Frameworks/ApplicationServices.framework/Versions/A/Frameworks/ATS.framework/Versions/A/ATS
0x000000002bfa4000 	/System/Library/Frameworks/ApplicationServices.framework/Versions/A/Frameworks/ColorSyncLegacy.framework/Versions/A/ColorSyncLegacy
0x000000002bfa4000 	/System/Library/Frameworks/ApplicationServices.framework/Versions/A/Frameworks/HIServices.framework/Versions/A/HIServices
0x000000002bfa4000 	/System/Library/Frameworks/ApplicationServices.framework/Versions/A/Frameworks/LangAnalysis.framework/Versions/A/LangAnalysis
0x000000002bfa4000 	/System/Library/Frameworks/ApplicationServices.framework/Versions/A/Frameworks/PrintCore.framework/Versions/A/PrintCore
0x000000002bfa4000 	/System/Library/Frameworks/ApplicationServices.framework/Versions/A/Frameworks/QD.framework/Versions/A/QD
0x000000002bfa4000 	/System/Library/Frameworks/ApplicationServices.framework/Versions/A/Frameworks/SpeechSynthesis.framework/Versions/A/SpeechSynthesis
0x000000002bfa4000 	/System/Library/Frameworks/CoreDisplay.framework/Versions/A/CoreDisplay
0x000000002bfa4000 	/System/Library/Frameworks/Accelerate.framework/Versions/A/Frameworks/vImage.framework/Versions/A/vImage
0x000000002bfa4000 	/System/Library/Frameworks/Accelerate.framework/Versions/A/Frameworks/vecLib.framework/Versions/A/vecLib
0x000000002bfa4000 	/System/Library/Frameworks/Accelerate.framework/Versions/A/Frameworks/vecLib.framework/Versions/A/libvDSP.dylib
0x000000002bfa4000 	/System/Library/Frameworks/Accelerate.framework/Versions/A/Frameworks/vecLib.framework/Versions/A/libBNNS.dylib
0x000000002bfa4000 	/System/Library/Frameworks/Accelerate.framework/Versions/A/Frameworks/vecLib.framework/Versions/A/libQuadrature.dylib
0x000000002bfa4000 	/System/Library/Frameworks/Accelerate.framework/Versions/A/Frameworks/vecLib.framework/Versions/A/libvMisc.dylib
0x000000002bfa4000 	/System/Library/Frameworks/Accelerate.framework/Versions/A/Frameworks/vecLib.framework/Versions/A/libLAPACK.dylib
0x000000002bfa4000 	/System/Library/Frameworks/Accelerate.framework/Versions/A/Frameworks/vecLib.framework/Versions/A/libBLAS.dylib
0x000000002bfa4000 	/System/Library/Frameworks/Accelerate.framework/Versions/A/Frameworks/vecLib.framework/Versions/A/libLinearAlgebra.dylib
0x000000002bfa4000 	/System/Library/Frameworks/Accelerate.framework/Versions/A/Frameworks/vecLib.framework/Versions/A/libSparse.dylib
0x000000002bfa4000 	/System/Library/Frameworks/Accelerate.framework/Versions/A/Frameworks/vecLib.framework/Versions/A/libSparseBLAS.dylib
0x000000002bfa4000 	/System/Library/PrivateFrameworks/IOAccelerator.framework/Versions/A/IOAccelerator
0x000000002bfa4000 	/System/Library/PrivateFrameworks/IOPresentment.framework/Versions/A/IOPresentment
0x000000002bfa4000 	/System/Library/PrivateFrameworks/DSExternalDisplay.framework/Versions/A/DSExternalDisplay
0x000000002bfa4000 	/System/Library/Frameworks/OpenGL.framework/Versions/A/Libraries/libCoreFSCache.dylib
0x000000002bfa4000 	/System/Library/Frameworks/CoreVideo.framework/Versions/A/CoreVideo
0x000000002bfa4000 	/System/Library/PrivateFrameworks/GraphVisualizer.framework/Versions/A/GraphVisualizer
0x000000002bfa4000 	/System/Library/Frameworks/MetalPerformanceShaders.framework/Versions/A/MetalPerformanceShaders
0x000000002bfa4000 	/usr/lib/libFosl_dynamic.dylib
0x000000002bfa4000 	/System/Library/PrivateFrameworks/FaceCore.framework/Versions/A/FaceCore
0x000000002bfa4000 	/System/Library/Frameworks/OpenCL.framework/Versions/A/OpenCL
0x000000002bfa4000 	/usr/lib/libcompression.dylib
0x000000002bfa4000 	/System/Library/Frameworks/ApplicationServices.framework/Versions/A/Frameworks/ATS.framework/Versions/A/Resources/libFontParser.dylib
0x000000002bfa4000 	/System/Library/Frameworks/ApplicationServices.framework/Versions/A/Frameworks/ATS.framework/Versions/A/Resources/libFontRegistry.dylib
0x000000002bfa4000 	/System/Library/Frameworks/ImageIO.framework/Versions/A/Resources/libJPEG.dylib
0x000000002bfa4000 	/System/Library/Frameworks/ImageIO.framework/Versions/A/Resources/libTIFF.dylib
0x000000002bfa4000 	/System/Library/Frameworks/ImageIO.framework/Versions/A/Resources/libPng.dylib
0x000000002bfa4000 	/System/Library/Frameworks/ImageIO.framework/Versions/A/Resources/libGIF.dylib
0x000000002bfa4000 	/System/Library/Frameworks/ImageIO.framework/Versions/A/Resources/libJP2.dylib
0x000000002bfa4000 	/System/Library/Frameworks/ImageIO.framework/Versions/A/Resources/libRadiance.dylib
0x000000002bfa4000 	/System/Library/PrivateFrameworks/AppleJPEG.framework/Versions/A/AppleJPEG
0x000000002bfa4000 	/System/Library/PrivateFrameworks/MetalTools.framework/Versions/A/MetalTools
0x000000002bfa4000 	/System/Library/Frameworks/MetalPerformanceShaders.framework/Frameworks/MPSCore.framework/Versions/A/MPSCore
0x000000002bfa4000 	/System/Library/Frameworks/MetalPerformanceShaders.framework/Frameworks/MPSImage.framework/Versions/A/MPSImage
0x000000002bfa4000 	/System/Library/Frameworks/MetalPerformanceShaders.framework/Frameworks/MPSMatrix.framework/Versions/A/MPSMatrix
0x000000002bfa4000 	/System/Library/Frameworks/MetalPerformanceShaders.framework/Frameworks/MPSNeuralNetwork.framework/Versions/A/MPSNeuralNetwork
0x000000002bfa4000 	/System/Library/Frameworks/OpenGL.framework/Versions/A/Libraries/libGLU.dylib
0x000000002bfa4000 	/System/Library/Frameworks/OpenGL.framework/Versions/A/Libraries/libGFXShared.dylib
0x000000002bfa4000 	/System/Library/Frameworks/OpenGL.framework/Versions/A/Libraries/libGL.dylib
0x000000002bfa4000 	/System/Library/Frameworks/OpenGL.framework/Versions/A/Libraries/libGLImage.dylib
0x000000002bfa4000 	/System/Library/Frameworks/OpenGL.framework/Versions/A/Libraries/libCVMSPluginSupport.dylib
0x000000002bfa4000 	/System/Library/Frameworks/OpenGL.framework/Versions/A/Libraries/libCoreVMClient.dylib
0x000000002bfa4000 	/usr/lib/libcups.2.dylib
0x000000002bfa4000 	/System/Library/Frameworks/Kerberos.framework/Versions/A/Kerberos
0x000000002bfa4000 	/System/Library/Frameworks/GSS.framework/Versions/A/GSS
0x000000002bfa4000 	/usr/lib/libresolv.9.dylib
0x000000002bfa4000 	/usr/lib/libiconv.2.dylib
0x000000002bfa4000 	/System/Library/PrivateFrameworks/Heimdal.framework/Versions/A/Heimdal
0x000000002bfa4000 	/usr/lib/libheimdal-asn1.dylib
0x000000002bfa4000 	/System/Library/Frameworks/OpenDirectory.framework/Versions/A/OpenDirectory
0x000000002bfa4000 	/System/Library/PrivateFrameworks/CommonAuth.framework/Versions/A/CommonAuth
0x000000002bfa4000 	/System/Library/Frameworks/OpenDirectory.framework/Versions/A/Frameworks/CFOpenDirectory.framework/Versions/A/CFOpenDirectory
0x000000002bfa4000 	/System/Library/Frameworks/SecurityFoundation.framework/Versions/A/SecurityFoundation
0x000000002bfa4000 	/System/Library/PrivateFrameworks/APFS.framework/Versions/A/APFS
0x000000002bfa4000 	/usr/lib/libutil.dylib
0x000000002bfa4000 	/System/Library/PrivateFrameworks/AppleSauce.framework/Versions/A/AppleSauce
0x000000002bfa4000 	/System/Library/PrivateFrameworks/LinguisticData.framework/Versions/A/LinguisticData
0x000000002bfa4000 	/usr/lib/libmarisa.dylib
0x000000002bfa4000 	/System/Library/PrivateFrameworks/Lexicon.framework/Versions/A/Lexicon
0x000000002bfa4000 	/usr/lib/libChineseTokenizer.dylib
0x000000002bfa4000 	/usr/lib/libcmph.dylib
0x000000002bfa4000 	/System/Library/PrivateFrameworks/LanguageModeling.framework/Versions/A/LanguageModeling
0x000000002bfa4000 	/System/Library/PrivateFrameworks/CoreEmoji.framework/Versions/A/CoreEmoji
0x000000002bfa4000 	/System/Library/Frameworks/ServiceManagement.framework/Versions/A/ServiceManagement
0x000000002bfa4000 	/System/Library/PrivateFrameworks/BackgroundTaskManagement.framework/Versions/A/BackgroundTaskManagement
0x000000002bfa4000 	/usr/lib/libxslt.1.dylib
0x000000002bfa4000 	/System/Library/Frameworks/Carbon.framework/Versions/A/Frameworks/Ink.framework/Versions/A/Ink
0x000000002bfa4000 	/System/Library/PrivateFrameworks/TextureIO.framework/Versions/A/TextureIO
0x000000002bfa4000 	/usr/lib/libate.dylib
0x000000002bfa4000 	/System/Library/PrivateFrameworks/CrashReporterSupport.framework/Versions/A/CrashReporterSupport
0x000000002bfa4000 	/System/Library/PrivateFrameworks/Sharing.framework/Versions/A/Sharing
0x000000002bfa4000 	/System/Library/PrivateFrameworks/IconServices.framework/Versions/A/IconServices
0x000000002bfa4000 	/System/Library/PrivateFrameworks/ProtocolBuffer.framework/Versions/A/ProtocolBuffer
0x000000002bfa4000 	/System/Library/PrivateFrameworks/Apple80211.framework/Versions/A/Apple80211
0x000000002bfa4000 	/System/Library/Frameworks/CoreWLAN.framework/Versions/A/CoreWLAN
0x000000002bfa4000 	/System/Library/PrivateFrameworks/CoreUtils.framework/Versions/A/CoreUtils
0x000000002bfa4000 	/System/Library/Frameworks/IOBluetooth.framework/Versions/A/IOBluetooth
0x000000002bfa4000 	/System/Library/PrivateFrameworks/CoreWiFi.framework/Versions/A/CoreWiFi
0x000000002bfa4000 	/System/Library/Frameworks/CoreBluetooth.framework/Versions/A/CoreBluetooth
0x000000002bfa4000 	/System/Library/PrivateFrameworks/SignpostNotification.framework/Versions/A/SignpostNotification
0x000000002bfa4000 	/System/Library/PrivateFrameworks/DebugSymbols.framework/Versions/A/DebugSymbols
0x000000002bfa4000 	/System/Library/PrivateFrameworks/CoreSymbolication.framework/Versions/A/CoreSymbolication
0x000000002bfa4000 	/System/Library/PrivateFrameworks/Symbolication.framework/Versions/A/Symbolication
0x000000002bfa4000 	/System/Library/PrivateFrameworks/AppleFSCompression.framework/Versions/A/AppleFSCompression
0x000000002bfa4000 	/System/Library/PrivateFrameworks/SpeechRecognitionCore.framework/Versions/A/SpeechRecognitionCore
0x000000010ea00000 	/Applications/Android Studio.app/Contents/jre/jdk/Contents/Home/jre/lib/server/libjvm.dylib
0x000000002bfa4000 	/usr/lib/libstdc++.6.0.9.dylib
0x000000010d97a000 	/Applications/Android Studio.app/Contents/jre/jdk/Contents/Home/jre/lib/libverify.dylib
0x000000010d986000 	/Applications/Android Studio.app/Contents/jre/jdk/Contents/Home/jre/lib/libjava.dylib
0x000000010f470000 	/Applications/Android Studio.app/Contents/jre/jdk/Contents/Home/jre/lib/libzip.dylib
0x0000000115cf5000 	/Applications/Android Studio.app/Contents/jre/jdk/Contents/Home/jre/lib/libnet.dylib
0x0000000115dd1000 	/Applications/Android Studio.app/Contents/jre/jdk/Contents/Home/jre/lib/libnio.dylib
0x0000000115efb000 	/Users/annascott/.gradle/native/25/osx-amd64/libnative-platform.dylib
0x00000001253a0000 	/Applications/Android Studio.app/Contents/jre/jdk/Contents/Home/jre/lib/libmanagement.dylib

VM Arguments:
jvm_args: -Xmx1536m -Dfile.encoding=UTF-8 -Duser.country=US -Duser.language=en -Duser.variant 
java_command: org.gradle.launcher.daemon.bootstrap.GradleDaemon 4.4
java_class_path (initial): /Users/annascott/.gradle/wrapper/dists/gradle-4.4-all/9br9xq1tocpiv8o6njlyu5op1/gradle-4.4/lib/gradle-launcher-4.4.jar
Launcher Type: SUN_STANDARD

Environment Variables:
PATH=/usr/local/bin:/usr/bin:/bin:/usr/sbin:/sbin
SHELL=/bin/bash

Signal Handlers:
SIGSEGV: [libjvm.dylib+0x53f567], sa_mask[0]=11111111011111110111111111111111, sa_flags=SA_ONSTACK|SA_RESTART|SA_SIGINFO
SIGBUS: [libjvm.dylib+0x53f567], sa_mask[0]=11111111011111110111111111111111, sa_flags=SA_RESTART|SA_SIGINFO
SIGFPE: [libjvm.dylib+0x437adf], sa_mask[0]=11111111011111110111111111111111, sa_flags=SA_RESTART|SA_SIGINFO
SIGPIPE: [libjvm.dylib+0x437adf], sa_mask[0]=11111111011111110111111111111111, sa_flags=SA_RESTART|SA_SIGINFO
SIGXFSZ: [libjvm.dylib+0x437adf], sa_mask[0]=11111111011111110111111111111111, sa_flags=SA_RESTART|SA_SIGINFO
SIGILL: [libjvm.dylib+0x437adf], sa_mask[0]=11111111011111110111111111111111, sa_flags=SA_RESTART|SA_SIGINFO
SIGUSR1: SIG_DFL, sa_mask[0]=00000000000000000000000000000000, sa_flags=none
SIGUSR2: [libjvm.dylib+0x438404], sa_mask[0]=00100000000000000000000000000000, sa_flags=SA_RESTART|SA_SIGINFO
SIGHUP: [libjvm.dylib+0x4365f9], sa_mask[0]=11111111011111110111111111111111, sa_flags=SA_RESTART|SA_SIGINFO
SIGINT: [libjvm.dylib+0x4365f9], sa_mask[0]=11111111011111110111111111111111, sa_flags=SA_RESTART|SA_SIGINFO
SIGTERM: [libjvm.dylib+0x4365f9], sa_mask[0]=11111111011111110111111111111111, sa_flags=SA_RESTART|SA_SIGINFO
SIGQUIT: [libjvm.dylib+0x4365f9], sa_mask[0]=11111111011111110111111111111111, sa_flags=SA_RESTART|SA_SIGINFO


---------------  S Y S T E M  ---------------

OS:Bsduname:Darwin 17.3.0 Darwin Kernel Version 17.3.0: Thu Nov  9 18:09:22 PST 2017; root:xnu-4570.31.3~1/RELEASE_X86_64 x86_64
rlimit: STACK 8192k, CORE 0k, NPROC 1418, NOFILE 10240, AS infinity
load average:2.46 2.49 1.66

CPU:total 8 (initial active 8) (4 cores per cpu, 2 threads per core) family 6 model 94 stepping 3, cmov, cx8, fxsr, mmx, sse, sse2, sse3, ssse3, sse4.1, sse4.2, popcnt, avx, avx2, aes, clmul, erms, rtm, 3dnowpref, lzcnt, ht, tsc, tscinvbit, bmi1, bmi2, adx

Memory: 4k page, physical 16777216k(3738764k free)

/proc/meminfo:


vm_info: OpenJDK 64-Bit Server VM (25.152-b01) for bsd-amd64 JRE (1.8.0_152-release-1024-b01), built by "builder" with gcc 4.2.1 Compatible Apple LLVM 8.1.0 (clang-802.0.42)

time: Thu May 17 10:46:14 2018
elapsed time: 4 seconds (0d 0h 0m 4s)

