JvmtiExport can_access_local_variables 0
JvmtiExport can_hotswap_or_post_breakpoint 0
JvmtiExport can_post_on_exceptions 0
# 397 ciObject found
ciMethod java/lang/Object <init> ()V 4097 1 3637237 0 0
ciMethod java/lang/Object hashCode ()I 2049 1 256 0 -1
ciMethod java/lang/Object equals (Ljava/lang/Object;)Z 3073 1 47857 0 -1
ciMethod java/lang/String <init> ([BIII)V 1049 17641 1130 0 800
ciMethod java/lang/String checkBounds ([BII)V 2137 1 22276 0 160
ciMethod java/lang/String <init> ([BIILjava/lang/String;)V 2937 1 21121 0 320
ciMethod java/lang/String <init> ([BLjava/nio/charset/Charset;)V 2097 1 11745 0 -1
ciMethod java/lang/String length ()I 3385 1 1190777 0 0
ciMethod java/lang/String charAt (I)C 4097 1 2097744 0 160
ciMethod java/lang/String equals (Ljava/lang/Object;)Z 3073 13257 5544 0 -1
ciMethod java/lang/String intern ()Ljava/lang/String; 2049 1 256 0 -1
ciMethod java/lang/System getSecurityManager ()Ljava/lang/SecurityManager; 2089 1 122952 0 0
ciMethod java/lang/System arraycopy (Ljava/lang/Object;ILjava/lang/Object;II)V 4097 1 512 0 -1
ciMethod java/lang/ref/Reference get ()Ljava/lang/Object; 2049 1 256 0 -1
ciMethod java/lang/ref/Reference <init> (Ljava/lang/Object;)V 881 1 45307 0 0
ciMethod java/lang/ref/Reference <init> (Ljava/lang/Object;Ljava/lang/ref/ReferenceQueue;)V 2065 1 57929 0 128
ciMethod java/lang/ref/SoftReference <init> (Ljava/lang/Object;)V 841 1 9527 0 -1
ciMethod java/lang/ref/SoftReference get ()Ljava/lang/Object; 2065 1 63140 0 96
ciMethod java/lang/ref/WeakReference <init> (Ljava/lang/Object;)V 2889 1 35788 0 96
ciMethod java/lang/Thread currentThread ()Ljava/lang/Thread; 2049 1 256 0 -1
ciMethod java/util/Map put (Ljava/lang/Object;Ljava/lang/Object;)Ljava/lang/Object; 0 0 1 0 -1
ciMethod java/io/InputStream read ([BII)I 9 1489 1 0 -1
ciMethod java/nio/Buffer <init> (IIII)V 505 1 5266 0 384
ciMethod java/nio/Buffer position ()I 1073 1 134 0 0
ciMethod java/nio/Buffer position (I)Ljava/nio/Buffer; 1153 1 5315 0 160
ciMethod java/nio/Buffer limit (I)Ljava/nio/Buffer; 3089 1 5510 0 192
ciMethod java/nio/Buffer remaining ()I 2049 1 182417 0 -1
ciMethod java/nio/Buffer hasRemaining ()Z 2049 1 42712 0 -1
ciMethod java/lang/Character isSupplementaryCodePoint (I)Z 0 0 1 0 -1
ciMethod java/lang/Character isSurrogate (C)Z 169 1 37581 0 -1
ciMethod java/lang/Character highSurrogate (I)C 0 0 1 0 -1
ciMethod java/lang/Character lowSurrogate (I)C 0 0 1 0 -1
ciMethod java/util/Comparator compare (Ljava/lang/Object;Ljava/lang/Object;)I 0 0 1 0 -1
ciMethod java/util/HashMap hash (Ljava/lang/Object;)I 2217 1 112092 0 160
ciMethod java/util/HashMap comparableClassFor (Ljava/lang/Object;)Ljava/lang/Class; 945 1 118 0 -1
ciMethod java/util/HashMap compareComparables (Ljava/lang/Class;Ljava/lang/Object;Ljava/lang/Object;)I 0 0 1 0 -1
ciMethod java/util/HashMap put (Ljava/lang/Object;Ljava/lang/Object;)Ljava/lang/Object; 1017 1 39560 0 1344
ciMethod java/util/HashMap putVal (ILjava/lang/Object;Ljava/lang/Object;ZZ)Ljava/lang/Object; 1049 17 36098 0 1280
ciMethod java/util/HashMap resize ()[Ljava/util/HashMap$Node; 593 2217 11407 0 -1
ciMethod java/util/HashMap treeifyBin ([Ljava/util/HashMap$Node;I)V 1 1 8 0 0
ciMethod java/util/HashMap newNode (ILjava/lang/Object;Ljava/lang/Object;Ljava/util/HashMap$Node;)Ljava/util/HashMap$Node; 2049 1 5387 0 224
ciMethod java/util/HashMap newTreeNode (ILjava/lang/Object;Ljava/lang/Object;Ljava/util/HashMap$Node;)Ljava/util/HashMap$TreeNode; 0 0 1 0 -1
ciMethod java/util/HashMap replacementTreeNode (Ljava/util/HashMap$Node;Ljava/util/HashMap$Node;)Ljava/util/HashMap$TreeNode; 0 0 1 0 -1
ciMethod java/util/HashMap afterNodeAccess (Ljava/util/HashMap$Node;)V 2049 1 1280 0 0
ciMethod java/util/HashMap afterNodeInsertion (Z)V 2049 1 1300 0 0
ciMethod java/util/HashMap$Node <init> (ILjava/lang/Object;Ljava/lang/Object;Ljava/util/HashMap$Node;)V 3353 1 13559 0 0
ciMethod java/lang/Math min (II)I 4097 1 301688 0 -1
ciMethod java/nio/charset/Charset isSupported (Ljava/lang/String;)Z 65 1 593 0 -1
ciMethod java/nio/charset/Charset forName (Ljava/lang/String;)Ljava/nio/charset/Charset; 105 1 605 0 -1
ciMethod java/nio/charset/Charset name ()Ljava/lang/String; 1033 1 129 0 0
ciMethod java/lang/ThreadLocal initialValue ()Ljava/lang/Object; 1025 1 128 0 0
ciMethod java/lang/ThreadLocal get ()Ljava/lang/Object; 2057 1 23103 0 1664
ciMethod java/lang/ThreadLocal setInitialValue ()Ljava/lang/Object; 25 1 390 0 0
ciMethod java/lang/ThreadLocal set (Ljava/lang/Object;)V 25 1 24272 0 -1
ciMethod java/lang/ThreadLocal getMap (Ljava/lang/Thread;)Ljava/lang/ThreadLocal$ThreadLocalMap; 2065 1 15067 0 0
ciMethod java/lang/ThreadLocal createMap (Ljava/lang/Thread;Ljava/lang/Object;)V 9 1 179 0 0
ciMethod java/lang/ThreadLocal access$400 (Ljava/lang/ThreadLocal;)I 1025 1 128 0 0
ciMethod java/util/Arrays copyOf ([CI)[C 1073 1 59839 0 480
ciMethod sun/nio/cs/HistoricallyNamedCharset historicalName ()Ljava/lang/String; 0 0 1 0 -1
ciMethod java/lang/StringCoding deref (Ljava/lang/ThreadLocal;)Ljava/lang/Object; 3073 1 37858 0 0
ciMethod java/lang/StringCoding set (Ljava/lang/ThreadLocal;Ljava/lang/Object;)V 17 1 140 0 0
ciMethod java/lang/StringCoding safeTrim ([CILjava/nio/charset/Charset;Z)[C 2721 1 30800 0 0
ciMethod java/lang/StringCoding scale (IF)I 3113 1 45681 0 0
ciMethod java/lang/StringCoding lookupCharset (Ljava/lang/String;)Ljava/nio/charset/Charset; 17 1 142 0 0
ciMethod java/lang/StringCoding decode (Ljava/lang/String;[BII)[C 2201 1 23264 0 0
ciMethod java/lang/StringCoding access$000 (IF)I 3113 1 29421 0 0
ciMethod java/lang/StringCoding access$100 ([CILjava/nio/charset/Charset;Z)[C 2721 1 22242 0 0
ciMethod java/lang/ThreadLocal$ThreadLocalMap nextIndex (II)I 2057 1 7628 0 64
ciMethod java/lang/ThreadLocal$ThreadLocalMap <init> (Ljava/lang/ThreadLocal;Ljava/lang/Object;)V 9 1 181 0 -1
ciMethod java/lang/ThreadLocal$ThreadLocalMap getEntry (Ljava/lang/ThreadLocal;)Ljava/lang/ThreadLocal$ThreadLocalMap$Entry; 2081 1 5411 0 192
ciMethod java/lang/ThreadLocal$ThreadLocalMap getEntryAfterMiss (Ljava/lang/ThreadLocal;ILjava/lang/ThreadLocal$ThreadLocalMap$Entry;)Ljava/lang/ThreadLocal$ThreadLocalMap$Entry; 17 1 495 0 0
ciMethod java/lang/ThreadLocal$ThreadLocalMap set (Ljava/lang/ThreadLocal;Ljava/lang/Object;)V 41 1 6154 0 992
ciMethod java/lang/ThreadLocal$ThreadLocalMap replaceStaleEntry (Ljava/lang/ThreadLocal;Ljava/lang/Object;I)V 0 0 1 0 -1
ciMethod java/lang/ThreadLocal$ThreadLocalMap expungeStaleEntry (I)I 1409 113 3719 0 0
ciMethod java/lang/ThreadLocal$ThreadLocalMap cleanSomeSlots (II)Z 945 2913 444 0 0
ciMethod java/lang/ThreadLocal$ThreadLocalMap rehash ()V 17 1 42 0 0
ciMethod java/lang/ThreadLocal$ThreadLocalMap resize ()V 17 393 42 0 -1
ciMethod java/lang/ThreadLocal$ThreadLocalMap expungeStaleEntries ()V 17 385 41 0 -1
ciMethod java/lang/ThreadLocal$ThreadLocalMap access$000 (Ljava/lang/ThreadLocal$ThreadLocalMap;Ljava/lang/ThreadLocal;)Ljava/lang/ThreadLocal$ThreadLocalMap$Entry; 2065 1 24300 0 448
ciMethod java/lang/ThreadLocal$ThreadLocalMap access$100 (Ljava/lang/ThreadLocal$ThreadLocalMap;Ljava/lang/ThreadLocal;Ljava/lang/Object;)V 41 1 24630 0 0
ciMethod java/lang/ThreadLocal$ThreadLocalMap$Entry <init> (Ljava/lang/ThreadLocal;Ljava/lang/Object;)V 1041 1 625 0 0
ciMethod java/lang/StringCoding$StringDecoder <init> (Ljava/nio/charset/Charset;Ljava/lang/String;)V 9 1 21 0 -1
ciMethod java/lang/StringCoding$StringDecoder charsetName ()Ljava/lang/String; 1609 1 941 0 0
ciMethod java/lang/StringCoding$StringDecoder requestedCharsetName ()Ljava/lang/String; 1025 1 128 0 0
ciMethod java/lang/StringCoding$StringDecoder decode ([BII)[C 2433 1 22242 0 0
ciMethod java/lang/StringCoding$StringDecoder <init> (Ljava/nio/charset/Charset;Ljava/lang/String;Ljava/lang/StringCoding$1;)V 9 1 21 0 -1
ciMethod sun/nio/cs/ArrayDecoder decode ([BII[C)I 0 0 1 0 -1
ciMethod sun/nio/cs/UTF_8$Decoder isNotContinuation (I)Z 1 1 6522 0 -1
ciMethod sun/nio/cs/UTF_8$Decoder isMalformed3 (III)Z 1 1 11268 0 -1
ciMethod sun/nio/cs/UTF_8$Decoder isMalformed3_2 (II)Z 0 0 6 0 -1
ciMethod sun/nio/cs/UTF_8$Decoder isMalformed4 (III)Z 0 0 1 0 -1
ciMethod sun/nio/cs/UTF_8$Decoder isMalformed4_2 (II)Z 0 0 1 0 -1
ciMethod sun/nio/cs/UTF_8$Decoder isMalformed4_3 (I)Z 0 0 1 0 -1
ciMethod sun/nio/cs/UTF_8$Decoder malformedN (Ljava/nio/ByteBuffer;I)Ljava/nio/charset/CoderResult; 0 0 1 0 -1
ciMethod sun/nio/cs/UTF_8$Decoder getByteBuffer (Ljava/nio/ByteBuffer;[BI)Ljava/nio/ByteBuffer; 0 0 1 0 -1
ciMethod sun/nio/cs/UTF_8$Decoder decode ([BII[C)I 1065 24745 912 0 -1
ciMethod java/nio/charset/CharsetDecoder replacement ()Ljava/lang/String; 0 0 1 0 -1
ciMethod java/nio/charset/CharsetDecoder malformedInputAction ()Ljava/nio/charset/CodingErrorAction; 0 0 1 0 -1
ciMethod java/nio/charset/CharsetDecoder maxCharsPerByte ()F 2729 1 30810 0 0
ciMethod java/nio/charset/CharsetDecoder decode (Ljava/nio/ByteBuffer;Ljava/nio/CharBuffer;Z)Ljava/nio/charset/CoderResult; 257 1 6361 0 448
ciMethod java/nio/charset/CharsetDecoder flush (Ljava/nio/CharBuffer;)Ljava/nio/charset/CoderResult; 161 1 5296 0 0
ciMethod java/nio/charset/CharsetDecoder implFlush (Ljava/nio/CharBuffer;)Ljava/nio/charset/CoderResult; 2449 1 5296 0 -1
ciMethod java/nio/charset/CharsetDecoder reset ()Ljava/nio/charset/CharsetDecoder; 353 1 13380 0 96
ciMethod java/nio/charset/CharsetDecoder implReset ()V 353 1 9273 0 -1
ciMethod java/nio/charset/CharsetDecoder decodeLoop (Ljava/nio/ByteBuffer;Ljava/nio/CharBuffer;)Ljava/nio/charset/CoderResult; 0 0 1 0 -1
ciMethod java/nio/charset/CharsetDecoder throwIllegalStateException (II)V 0 0 1 0 -1
ciMethod java/nio/ByteBuffer <init> (IIII[BI)V 249 1 5191 0 512
ciMethod java/nio/ByteBuffer wrap ([BII)Ljava/nio/ByteBuffer; 1 1 30160 0 0
ciMethod java/nio/HeapByteBuffer <init> ([BII)V 1 1 30160 0 0
ciMethod java/nio/Bits byteOrder ()Ljava/nio/ByteOrder; 2049 1 10878 0 0
ciMethodData java/lang/Object <init> ()V 2 3637237 orig 264 40 140 27 9 1 0 0 0 128 148 2 13 1 0 0 0 32 1 0 0 0 0 0 0 0 0 0 0 0 0 0 0 0 0 0 0 0 0 0 0 0 0 0 0 0 0 0 0 0 0 0 0 0 0 0 0 0 0 0 0 0 0 0 0 0 0 0 0 0 0 0 0 0 0 0 0 0 0 0 0 77 68 79 32 101 120 116 114 97 32 100 97 116 97 32 108 111 99 107 0 0 0 0 0 0 0 0 0 0 0 0 0 0 0 0 0 0 0 0 0 0 0 0 0 0 0 0 0 0 0 0 0 0 0 0 0 0 0 0 0 0 0 0 0 0 0 0 0 0 0 0 0 0 0 0 0 0 0 0 0 0 0 0 0 0 0 0 0 0 0 0 0 0 0 0 0 0 0 0 0 0 0 0 0 1 0 0 0 0 0 0 0 1 0 0 0 0 0 0 0 1 0 0 0 0 0 0 0 0 0 0 0 0 0 0 0 0 2 0 0 169 239 187 1 1 0 0 0 0 0 0 0 0 0 0 0 2 0 0 0 0 0 3 0 1 0 0 0 0 0 0 0 255 255 255 255 0 0 0 0 0 0 0 0 data 0 oops 0
ciMethodData java/lang/String charAt (I)C 2 2097744 orig 264 40 140 27 9 1 0 0 0 176 205 2 13 1 0 0 0 120 1 0 0 32 0 0 0 0 0 0 0 0 0 0 0 0 0 0 0 0 0 0 0 0 0 0 0 0 0 0 0 0 0 0 0 0 0 0 0 0 0 0 0 0 0 0 0 0 0 0 0 0 0 0 0 0 0 0 0 0 0 0 0 77 68 79 32 101 120 116 114 97 32 100 97 116 97 32 108 111 99 107 0 0 0 0 0 0 0 0 0 0 0 0 0 0 0 0 0 0 0 0 0 0 0 0 0 0 0 0 0 0 0 0 0 0 0 0 0 0 0 0 0 0 0 0 0 0 0 0 0 0 0 0 0 0 0 0 0 0 0 0 0 0 0 0 1 0 0 0 0 0 0 0 0 0 0 0 0 0 0 0 0 0 0 0 0 25 0 0 0 0 0 0 0 0 0 0 0 0 0 0 0 1 0 0 0 0 0 0 0 0 0 0 0 0 0 0 0 0 2 0 0 129 2 0 1 1 0 0 0 0 0 0 0 0 0 0 0 2 0 0 0 0 0 8 0 2 0 0 0 80 0 0 0 255 255 255 255 7 0 1 0 0 0 0 0 data 10 0x10007 0x0 0x40 0x20007f 0xa0007 0x20013c 0x30 0x0 0x120002 0x0 oops 0
ciMethod java/nio/CharBuffer <init> (IIII[CI)V 209 1 15513 0 0
ciMethod java/nio/CharBuffer wrap ([CII)Ljava/nio/CharBuffer; 49 1 10049 0 0
ciMethod java/nio/CharBuffer wrap ([C)Ljava/nio/CharBuffer; 1 1 3219 0 0
ciMethod java/nio/CharBuffer put (Ljava/lang/String;)Ljava/nio/CharBuffer; 0 0 1 0 -1
ciMethod java/nio/HeapCharBuffer <init> ([CII)V 49 1 10049 0 0
ciMethod java/nio/charset/CoderResult isUnderflow ()Z 465 1 42753 0 64
ciMethod java/nio/charset/CoderResult isOverflow ()Z 4097 1 12038 0 -1
ciMethod java/nio/charset/CoderResult isMalformed ()Z 0 0 1 0 -1
ciMethod java/nio/charset/CoderResult isUnmappable ()Z 0 0 1 0 -1
ciMethod java/nio/charset/CoderResult length ()I 0 0 1 0 -1
ciMethod java/nio/charset/CoderResult malformedForLength (I)Ljava/nio/charset/CoderResult; 0 0 1 0 -1
ciMethod java/nio/charset/CoderResult throwException ()V 0 0 1 0 0
ciMethod java/util/HashMap$TreeNode root ()Ljava/util/HashMap$TreeNode; 0 0 1 0 -1
ciMethod java/util/HashMap$TreeNode moveRootToFront ([Ljava/util/HashMap$Node;Ljava/util/HashMap$TreeNode;)V 73 1 9 0 -1
ciMethod java/util/HashMap$TreeNode find (ILjava/lang/Object;Ljava/lang/Class;)Ljava/util/HashMap$TreeNode; 73 89 9 0 -1
ciMethod java/util/HashMap$TreeNode tieBreakOrder (Ljava/lang/Object;Ljava/lang/Object;)I 913 1 114 0 -1
ciMethod java/util/HashMap$TreeNode treeify ([Ljava/util/HashMap$Node;)V 49 961 6 0 -1
ciMethod java/util/HashMap$TreeNode putTreeVal (Ljava/util/HashMap;[Ljava/util/HashMap$Node;ILjava/lang/Object;Ljava/lang/Object;)Ljava/util/HashMap$TreeNode; 17 41 3 0 0
ciMethod java/util/HashMap$TreeNode split (Ljava/util/HashMap;[Ljava/util/HashMap$Node;II)V 17 153 4 0 -1
ciMethod java/util/HashMap$TreeNode balanceInsertion (Ljava/util/HashMap$TreeNode;Ljava/util/HashMap$TreeNode;)Ljava/util/HashMap$TreeNode; 417 209 52 0 -1
ciMethodData java/lang/String length ()I 2 1190777 orig 264 40 140 27 9 1 0 0 0 96 204 2 13 1 0 0 0 32 1 0 0 0 0 0 0 0 0 0 0 0 0 0 0 0 0 0 0 0 0 0 0 0 0 0 0 0 0 0 0 0 0 0 0 0 0 0 0 0 0 0 0 0 0 0 0 0 0 0 0 0 0 0 0 0 0 0 0 0 0 0 0 77 68 79 32 101 120 116 114 97 32 100 97 116 97 32 108 111 99 107 0 0 0 0 0 0 0 0 0 0 0 0 0 0 0 0 0 0 0 0 0 0 0 0 0 0 0 0 0 0 0 0 0 0 0 0 0 0 0 0 0 0 0 0 0 0 0 0 0 0 0 0 0 0 0 0 0 0 0 0 0 0 0 0 0 0 0 0 0 0 0 0 0 0 0 0 0 0 0 0 0 0 0 0 0 1 0 0 0 0 0 0 0 0 0 0 0 0 0 0 0 1 0 0 0 0 0 0 0 0 0 0 0 0 0 0 0 167 1 0 0 145 78 145 0 1 0 0 0 0 0 0 0 0 0 0 0 2 0 0 0 0 0 3 0 1 0 0 0 0 0 0 0 255 255 255 255 0 0 0 0 0 0 0 0 data 0 oops 0
ciMethodData java/util/Arrays copyOf ([CI)[C 2 59839 orig 264 40 140 27 9 1 0 0 0 176 46 20 13 1 0 0 0 112 1 0 0 0 0 0 0 0 0 0 0 0 0 0 0 0 0 0 0 0 0 0 0 0 0 0 0 0 0 0 0 0 0 0 0 0 0 0 0 0 0 0 0 0 0 0 0 0 0 0 0 0 0 0 0 0 0 0 0 0 0 0 0 77 68 79 32 101 120 116 114 97 32 100 97 116 97 32 108 111 99 107 0 0 0 0 0 0 0 0 0 0 0 0 0 0 0 0 0 0 0 0 0 0 0 0 0 0 0 0 0 0 0 0 0 0 0 0 0 0 0 0 0 0 0 0 0 0 0 0 0 0 0 0 0 0 0 0 0 0 0 0 0 0 0 0 0 0 0 0 0 0 0 0 0 0 0 0 0 0 0 0 0 0 0 0 0 29 0 0 0 0 0 0 0 0 0 0 0 0 0 0 0 0 0 0 0 0 0 0 0 0 0 0 0 0 0 0 0 134 0 0 0 201 73 7 0 1 0 0 0 0 0 0 0 0 0 0 0 2 0 0 0 0 0 7 0 2 0 0 0 32 0 0 0 255 255 255 255 2 0 11 0 0 0 0 0 data 4 0xb0002 0xe947 0xe0002 0xe949 oops 0
ciMethod java/util/jar/Attributes put (Ljava/lang/Object;Ljava/lang/Object;)Ljava/lang/Object; 3265 1 11206 0 0
ciMethod java/util/jar/Attributes putValue (Ljava/lang/String;Ljava/lang/String;)Ljava/lang/String; 3241 1 11188 0 0
ciMethod java/util/jar/Attributes read (Ljava/util/jar/Manifest$FastInputStream;[B)V 849 101697 8595 0 -1
ciMethod java/util/jar/Manifest$FastInputStream readLine ([BII)I 1089 25145 1149 0 992
ciMethod java/util/jar/Manifest$FastInputStream peek ()B 3329 1 17708 0 160
ciMethod java/util/jar/Manifest$FastInputStream readLine ([B)I 2137 1 29124 0 1088
ciMethod java/util/jar/Manifest$FastInputStream fill ()V 289 1 554 0 0
ciMethod java/util/jar/Attributes$Name <init> (Ljava/lang/String;)V 3137 1 9002 0 960
ciMethod java/util/jar/Attributes$Name isValid (Ljava/lang/String;)Z 1041 17161 7124 0 832
ciMethod java/util/jar/Attributes$Name isValid (C)Z 2417 1 102419 0 0
ciMethod java/util/jar/Attributes$Name isAlpha (C)Z 2417 1 102419 0 0
ciMethod java/util/jar/Attributes$Name isDigit (C)Z 145 1 30917 0 0
ciMethod java/util/jar/Attributes$Name equals (Ljava/lang/Object;)Z 2697 1 1701 0 0
ciMethod java/util/jar/Attributes$Name hashCode ()I 2177 1 5436 0 672
ciMethodData java/util/jar/Attributes$Name isValid (C)Z 2 102419 orig 264 40 140 27 9 1 0 0 0 64 155 37 13 1 0 0 0 0 2 0 0 48 0 0 0 0 0 0 0 0 0 0 0 0 0 0 0 0 0 0 0 0 0 0 0 0 0 0 0 0 0 0 0 0 0 0 0 0 0 0 0 0 0 0 0 0 0 0 0 0 0 0 0 0 0 0 0 0 0 0 0 77 68 79 32 101 120 116 114 97 32 100 97 116 97 32 108 111 99 107 0 0 0 0 0 0 0 0 0 0 0 0 0 0 0 0 0 0 0 0 0 0 0 0 0 0 0 0 0 0 0 0 0 0 0 0 0 0 0 0 0 0 0 0 0 0 0 0 0 0 0 0 0 0 0 0 0 0 0 0 0 0 0 0 0 0 0 0 0 0 0 0 0 0 0 0 0 0 0 0 0 0 0 0 0 0 0 0 0 0 0 0 0 0 0 0 0 0 0 0 0 0 0 0 0 0 0 0 0 0 0 0 0 0 0 0 0 46 1 0 0 41 119 12 0 1 0 0 0 236 71 0 0 0 0 0 0 2 0 0 0 0 0 33 0 2 0 0 0 184 0 0 0 255 255 255 255 2 0 1 0 0 0 0 0 data 23 0x10002 0x18ee5 0x40007 0x11632 0x90 0x78b3 0x80002 0x78b3 0xb0007 0x4599 0x60 0x331b 0x110007 0x0 0x40 0x331b 0x170007 0x0 0x38 0x331b 0x1b0003 0x18ee6 0x18 oops 0
ciMethod sun/misc/ASCIICaseInsensitiveComparator compare (Ljava/lang/String;Ljava/lang/String;)I 1033 21385 924 0 672
ciMethod sun/misc/ASCIICaseInsensitiveComparator lowerCaseHashCode (Ljava/lang/String;)I 561 9569 992 0 0
ciMethod sun/misc/ASCIICaseInsensitiveComparator isUpper (I)Z 2201 1 16040 0 0
ciMethod sun/misc/ASCIICaseInsensitiveComparator toLower (I)I 2201 1 16040 0 0
ciMethod sun/misc/ASCIICaseInsensitiveComparator compare (Ljava/lang/Object;Ljava/lang/Object;)I 2937 1 1766 0 0
ciMethodData java/util/jar/Attributes$Name isAlpha (C)Z 2 102419 orig 264 40 140 27 9 1 0 0 0 240 155 37 13 1 0 0 0 184 1 0 0 96 0 0 0 0 0 0 0 0 0 0 0 0 0 0 0 0 0 0 0 0 0 0 0 0 0 0 0 0 0 0 0 0 0 0 0 0 0 0 0 0 0 0 0 0 0 0 0 0 0 0 0 0 0 0 0 0 0 0 0 77 68 79 32 101 120 116 114 97 32 100 97 116 97 32 108 111 99 107 0 0 0 0 0 0 0 0 0 0 0 0 0 0 0 0 0 0 0 0 0 0 0 0 0 0 0 0 0 0 0 0 0 0 0 0 0 0 0 0 0 0 0 0 0 0 0 0 0 0 0 0 0 0 0 0 0 0 0 0 0 0 0 0 0 0 0 0 0 0 0 0 0 0 0 0 0 0 0 0 0 0 0 0 0 0 0 0 0 0 0 0 0 0 0 0 0 0 0 0 0 0 0 0 0 0 0 0 0 0 0 0 0 0 0 0 0 46 1 0 0 41 119 12 0 1 0 0 0 0 0 0 0 0 0 0 0 2 0 0 0 0 0 15 0 2 0 0 0 152 0 0 0 255 255 255 255 7 0 3 0 0 0 0 0 data 19 0x30007 0xdf80 0x40 0xaf65 0x90007 0xaf65 0x60 0x0 0xf0007 0x78b3 0x58 0x66cd 0x150007 0x0 0x38 0x66cd 0x190003 0x11632 0x18 oops 0
ciMethodData java/util/jar/Attributes$Name isDigit (C)Z 2 30917 orig 264 40 140 27 9 1 0 0 0 144 156 37 13 1 0 0 0 120 1 0 0 0 0 0 0 0 0 0 0 0 0 0 0 0 0 0 0 0 0 0 0 0 0 0 0 0 0 0 0 0 0 0 0 0 0 0 0 0 0 0 0 0 0 0 0 0 0 0 0 0 0 0 0 0 0 0 0 0 0 0 0 77 68 79 32 101 120 116 114 97 32 100 97 116 97 32 108 111 99 107 0 0 0 0 0 0 0 0 0 0 0 0 0 0 0 0 0 0 0 0 0 0 0 0 0 0 0 0 0 0 0 0 0 0 0 0 0 0 0 0 0 0 0 0 0 0 0 0 0 0 0 0 0 0 0 0 0 0 0 0 0 0 0 0 0 0 0 0 0 0 0 0 0 0 0 0 0 0 0 0 1 0 0 0 0 0 0 0 0 0 0 0 0 0 0 0 0 0 0 0 0 0 0 0 0 0 0 0 0 0 0 0 0 0 0 0 0 18 0 0 0 153 197 3 0 1 0 0 0 143 4 0 0 0 0 0 0 2 0 0 0 0 0 0 0 0 0 0 0 88 0 0 0 255 255 255 255 7 224 3 0 0 0 0 0 data 11 0x3e007 0x331b 0x58 0x4599 0x90007 0x0 0x38 0x4599 0xd0003 0x4599 0x18 oops 0
ciMethodData sun/misc/ASCIICaseInsensitiveComparator toLower (I)I 2 16040 orig 264 40 140 27 9 1 0 0 0 56 175 37 13 1 0 0 0 144 1 0 0 0 0 0 0 0 0 0 0 0 0 0 0 0 0 0 0 0 0 0 0 0 0 0 0 0 0 0 0 0 0 0 0 0 0 0 0 0 0 0 0 0 0 0 0 0 0 0 0 0 0 0 0 0 0 0 0 0 0 0 0 77 68 79 32 101 120 116 114 97 32 100 97 116 97 32 108 111 99 107 0 0 0 0 0 0 0 0 0 0 0 0 0 0 0 0 0 0 0 0 0 0 0 0 0 0 0 0 0 0 0 0 0 0 0 0 0 0 0 0 0 0 0 0 0 0 0 0 0 0 0 0 0 0 0 0 0 0 0 0 0 0 0 0 0 0 0 0 0 0 0 0 0 0 0 0 0 0 0 0 0 0 0 0 0 25 0 0 0 0 0 0 0 0 0 0 0 0 0 0 0 0 0 0 0 0 0 0 0 0 0 0 0 0 0 0 0 19 1 0 0 169 236 1 0 1 0 0 0 0 0 0 0 0 0 0 0 2 0 0 0 0 0 10 0 2 0 0 0 72 0 0 0 255 255 255 255 2 0 1 0 0 0 0 0 data 9 0x10002 0x3d95 0x40007 0x354b 0x38 0x84a 0xb0003 0x84a 0x18 oops 0
ciMethodData sun/misc/ASCIICaseInsensitiveComparator isUpper (I)Z 2 16040 orig 264 40 140 27 9 1 0 0 0 152 174 37 13 1 0 0 0 88 1 0 0 0 0 0 0 0 0 0 0 0 0 0 0 0 0 0 0 0 0 0 0 0 0 0 0 0 0 0 0 0 0 0 0 0 0 0 0 0 0 0 0 0 0 0 0 0 0 0 0 0 0 0 0 0 0 0 0 0 0 0 0 77 68 79 32 101 120 116 114 97 32 100 97 116 97 32 108 111 99 107 0 0 0 0 0 0 0 0 0 0 0 0 0 0 0 0 0 0 0 0 0 0 0 0 0 0 0 0 0 0 0 0 0 0 0 0 0 0 0 0 0 0 0 0 0 0 0 0 0 0 0 0 0 0 0 0 0 0 0 0 0 0 0 0 0 0 0 0 0 0 0 0 0 0 0 0 0 0 0 0 0 0 0 0 0 0 0 0 0 0 0 0 0 0 0 0 0 0 0 0 0 0 0 0 0 0 0 0 0 0 0 0 0 0 0 0 0 19 1 0 0 169 236 1 0 1 0 0 0 0 0 0 0 0 0 0 0 2 0 0 0 0 0 6 0 2 0 0 0 56 0 0 0 255 255 255 255 7 0 9 0 0 0 0 0 data 7 0x90007 0x354b 0x38 0x84a 0xd0003 0x84a 0x18 oops 0
ciMethodData java/util/HashMap hash (Ljava/lang/Object;)I 2 112092 orig 264 40 140 27 9 1 0 0 0 160 30 17 13 1 0 0 0 176 1 0 0 0 0 0 0 0 0 0 0 0 0 0 0 0 0 0 0 0 0 0 0 0 0 0 0 0 0 0 0 0 0 0 0 0 0 0 0 0 0 0 0 0 0 0 0 0 0 0 0 0 0 0 0 0 0 0 0 0 0 0 0 77 68 79 32 101 120 116 114 97 32 100 97 116 97 32 108 111 99 107 0 0 0 0 0 0 0 0 0 0 0 0 0 0 0 0 0 0 0 0 0 0 0 0 0 0 0 0 0 0 0 0 0 0 0 0 0 0 0 0 0 0 0 0 0 0 0 0 0 0 0 0 0 0 0 0 0 0 0 0 0 0 0 0 0 0 0 0 0 0 0 0 0 0 0 0 0 0 0 0 1 0 0 0 0 17 0 0 0 0 0 0 0 0 0 0 0 0 0 0 0 0 0 0 0 0 0 0 0 0 0 0 0 0 0 0 0 21 1 0 0 57 166 13 0 1 0 0 0 185 110 0 0 0 0 0 0 2 0 0 0 0 0 6 0 2 0 0 0 104 0 0 0 255 255 255 255 7 224 1 0 0 0 0 0 data 13 0x1e007 0x1b4a4 0x38 0x24 0x50003 0x24 0x48 0x90005 0xbb0e 0x7f8f360073a0 0xe3ee 0x7f8f36acf560 0x158c oops 2